{"C:\\Users\\jake1\\OneDrive\\Documents\\Coding_Projects\\La Fosse\\week-8-9 Final Project\\third-space\\server\\controller\\dashboard.js": {"path":"C:\\Users\\jake1\\OneDrive\\Documents\\Coding_Projects\\La Fosse\\week-8-9 Final Project\\third-space\\server\\controller\\dashboard.js","statementMap":{"0":{"start":{"line":1,"column":23},"end":{"line":1,"column":53}},"1":{"start":{"line":3,"column":21},"end":{"line":34,"column":1}},"2":{"start":{"line":4,"column":2},"end":{"line":33,"column":3}},"3":{"start":{"line":12,"column":8},"end":{"line":19,"column":6}},"4":{"start":{"line":21,"column":4},"end":{"line":28,"column":7}},"5":{"start":{"line":31,"column":4},"end":{"line":31,"column":23}},"6":{"start":{"line":32,"column":4},"end":{"line":32,"column":56}},"7":{"start":{"line":36,"column":0},"end":{"line":38,"column":2}}},"fnMap":{"0":{"name":"(anonymous_0)","decl":{"start":{"line":3,"column":21},"end":{"line":3,"column":22}},"loc":{"start":{"line":3,"column":41},"end":{"line":34,"column":1}},"line":3}},"branchMap":{},"s":{"0":1,"1":1,"2":2,"3":2,"4":1,"5":1,"6":1,"7":1},"f":{"0":2},"b":{},"_coverageSchema":"1a1c01bbd47fc00a2c39e90264f33305004495a9","hash":"531b77d4754a4360cbbf8099efff39e61496882d"}
,"C:\\Users\\jake1\\OneDrive\\Documents\\Coding_Projects\\La Fosse\\week-8-9 Final Project\\third-space\\server\\controller\\eventsPageController.js": {"path":"C:\\Users\\jake1\\OneDrive\\Documents\\Coding_Projects\\La Fosse\\week-8-9 Final Project\\third-space\\server\\controller\\eventsPageController.js","statementMap":{"0":{"start":{"line":1,"column":14},"end":{"line":1,"column":40}},"1":{"start":{"line":4,"column":22},"end":{"line":4,"column":42}},"2":{"start":{"line":6,"column":4},"end":{"line":11,"column":5}},"3":{"start":{"line":7,"column":23},"end":{"line":7,"column":59}},"4":{"start":{"line":8,"column":8},"end":{"line":8,"column":37}},"5":{"start":{"line":10,"column":6},"end":{"line":10,"column":51}},"6":{"start":{"line":15,"column":26},"end":{"line":15,"column":34}},"7":{"start":{"line":17,"column":4},"end":{"line":22,"column":5}},"8":{"start":{"line":18,"column":23},"end":{"line":18,"column":61}},"9":{"start":{"line":19,"column":8},"end":{"line":19,"column":37}},"10":{"start":{"line":21,"column":6},"end":{"line":21,"column":51}},"11":{"start":{"line":25,"column":0},"end":{"line":28,"column":1}}},"fnMap":{"0":{"name":"userEvents","decl":{"start":{"line":3,"column":15},"end":{"line":3,"column":25}},"loc":{"start":{"line":3,"column":36},"end":{"line":12,"column":1}},"line":3},"1":{"name":"cancelEvent","decl":{"start":{"line":14,"column":15},"end":{"line":14,"column":26}},"loc":{"start":{"line":14,"column":37},"end":{"line":23,"column":1}},"line":14}},"branchMap":{},"s":{"0":1,"1":2,"2":2,"3":2,"4":1,"5":1,"6":2,"7":2,"8":2,"9":1,"10":1,"11":1},"f":{"0":2,"1":2},"b":{},"_coverageSchema":"1a1c01bbd47fc00a2c39e90264f33305004495a9","hash":"b9b1df47d2ceadee03f4bebb9966f0f11e8f9545"}
,"C:\\Users\\jake1\\OneDrive\\Documents\\Coding_Projects\\La Fosse\\week-8-9 Final Project\\third-space\\server\\controller\\homeController.js": {"path":"C:\\Users\\jake1\\OneDrive\\Documents\\Coding_Projects\\La Fosse\\week-8-9 Final Project\\third-space\\server\\controller\\homeController.js","statementMap":{"0":{"start":{"line":1,"column":23},"end":{"line":1,"column":58}},"1":{"start":{"line":4,"column":22},"end":{"line":4,"column":42}},"2":{"start":{"line":6,"column":4},"end":{"line":11,"column":5}},"3":{"start":{"line":7,"column":23},"end":{"line":7,"column":66}},"4":{"start":{"line":8,"column":8},"end":{"line":8,"column":37}},"5":{"start":{"line":10,"column":6},"end":{"line":10,"column":51}},"6":{"start":{"line":15,"column":32},"end":{"line":15,"column":45}},"7":{"start":{"line":17,"column":4},"end":{"line":22,"column":5}},"8":{"start":{"line":18,"column":23},"end":{"line":18,"column":74}},"9":{"start":{"line":19,"column":8},"end":{"line":19,"column":37}},"10":{"start":{"line":21,"column":8},"end":{"line":21,"column":53}},"11":{"start":{"line":26,"column":22},"end":{"line":26,"column":42}},"12":{"start":{"line":28,"column":4},"end":{"line":33,"column":5}},"13":{"start":{"line":29,"column":23},"end":{"line":29,"column":64}},"14":{"start":{"line":30,"column":8},"end":{"line":30,"column":37}},"15":{"start":{"line":32,"column":8},"end":{"line":32,"column":53}},"16":{"start":{"line":37,"column":22},"end":{"line":37,"column":42}},"17":{"start":{"line":39,"column":4},"end":{"line":44,"column":5}},"18":{"start":{"line":40,"column":23},"end":{"line":40,"column":70}},"19":{"start":{"line":41,"column":8},"end":{"line":41,"column":37}},"20":{"start":{"line":43,"column":8},"end":{"line":43,"column":53}},"21":{"start":{"line":48,"column":21},"end":{"line":48,"column":29}},"22":{"start":{"line":50,"column":4},"end":{"line":55,"column":5}},"23":{"start":{"line":51,"column":23},"end":{"line":51,"column":62}},"24":{"start":{"line":52,"column":8},"end":{"line":52,"column":37}},"25":{"start":{"line":54,"column":8},"end":{"line":54,"column":53}},"26":{"start":{"line":58,"column":0},"end":{"line":64,"column":1}}},"fnMap":{"0":{"name":"newUserEvent","decl":{"start":{"line":3,"column":15},"end":{"line":3,"column":27}},"loc":{"start":{"line":3,"column":38},"end":{"line":12,"column":1}},"line":3},"1":{"name":"joinEvent","decl":{"start":{"line":14,"column":15},"end":{"line":14,"column":24}},"loc":{"start":{"line":14,"column":35},"end":{"line":23,"column":1}},"line":14},"2":{"name":"nextEvent","decl":{"start":{"line":25,"column":15},"end":{"line":25,"column":24}},"loc":{"start":{"line":25,"column":35},"end":{"line":34,"column":1}},"line":25},"3":{"name":"recentPastEvent","decl":{"start":{"line":36,"column":15},"end":{"line":36,"column":30}},"loc":{"start":{"line":36,"column":40},"end":{"line":45,"column":1}},"line":36},"4":{"name":"feedback","decl":{"start":{"line":47,"column":15},"end":{"line":47,"column":23}},"loc":{"start":{"line":47,"column":34},"end":{"line":56,"column":1}},"line":47}},"branchMap":{},"s":{"0":1,"1":1,"2":1,"3":1,"4":1,"5":0,"6":1,"7":1,"8":1,"9":1,"10":0,"11":1,"12":1,"13":1,"14":1,"15":0,"16":1,"17":1,"18":1,"19":1,"20":0,"21":2,"22":2,"23":2,"24":1,"25":1,"26":1},"f":{"0":1,"1":1,"2":1,"3":1,"4":2},"b":{},"_coverageSchema":"1a1c01bbd47fc00a2c39e90264f33305004495a9","hash":"77401d452a0a6d8eacad15c15706f77dd0ddf8a4"}
,"C:\\Users\\jake1\\OneDrive\\Documents\\Coding_Projects\\La Fosse\\week-8-9 Final Project\\third-space\\server\\controller\\user.js": {"path":"C:\\Users\\jake1\\OneDrive\\Documents\\Coding_Projects\\La Fosse\\week-8-9 Final Project\\third-space\\server\\controller\\user.js","statementMap":{"0":{"start":{"line":1,"column":13},"end":{"line":1,"column":38}},"1":{"start":{"line":4,"column":4},"end":{"line":10,"column":5}},"2":{"start":{"line":5,"column":21},"end":{"line":5,"column":29}},"3":{"start":{"line":6,"column":23},"end":{"line":6,"column":46}},"4":{"start":{"line":7,"column":8},"end":{"line":7,"column":37}},"5":{"start":{"line":9,"column":8},"end":{"line":9,"column":53}},"6":{"start":{"line":14,"column":17},"end":{"line":14,"column":25}},"7":{"start":{"line":15,"column":4},"end":{"line":26,"column":5}},"8":{"start":{"line":16,"column":21},"end":{"line":16,"column":57}},"9":{"start":{"line":17,"column":8},"end":{"line":17,"column":65}},"10":{"start":{"line":17,"column":21},"end":{"line":17,"column":63}},"11":{"start":{"line":19,"column":8},"end":{"line":23,"column":9}},"12":{"start":{"line":20,"column":12},"end":{"line":20,"column":39}},"13":{"start":{"line":22,"column":12},"end":{"line":22,"column":63}},"14":{"start":{"line":25,"column":8},"end":{"line":25,"column":53}},"15":{"start":{"line":30,"column":4},"end":{"line":38,"column":5}},"16":{"start":{"line":31,"column":22},"end":{"line":31,"column":38}},"17":{"start":{"line":32,"column":21},"end":{"line":32,"column":29}},"18":{"start":{"line":34,"column":24},"end":{"line":34,"column":54}},"19":{"start":{"line":35,"column":8},"end":{"line":35,"column":38}},"20":{"start":{"line":37,"column":8},"end":{"line":37,"column":53}},"21":{"start":{"line":42,"column":4},"end":{"line":47,"column":5}},"22":{"start":{"line":43,"column":21},"end":{"line":43,"column":63}},"23":{"start":{"line":44,"column":8},"end":{"line":44,"column":35}},"24":{"start":{"line":46,"column":8},"end":{"line":46,"column":53}},"25":{"start":{"line":50,"column":0},"end":{"line":50,"column":64}}},"fnMap":{"0":{"name":"register","decl":{"start":{"line":3,"column":15},"end":{"line":3,"column":23}},"loc":{"start":{"line":3,"column":34},"end":{"line":11,"column":1}},"line":3},"1":{"name":"login","decl":{"start":{"line":13,"column":15},"end":{"line":13,"column":20}},"loc":{"start":{"line":13,"column":31},"end":{"line":27,"column":1}},"line":13},"2":{"name":"updateProfile","decl":{"start":{"line":29,"column":15},"end":{"line":29,"column":28}},"loc":{"start":{"line":29,"column":39},"end":{"line":39,"column":1}},"line":29},"3":{"name":"getProfile","decl":{"start":{"line":41,"column":15},"end":{"line":41,"column":25}},"loc":{"start":{"line":41,"column":36},"end":{"line":48,"column":1}},"line":41}},"branchMap":{"0":{"loc":{"start":{"line":17,"column":8},"end":{"line":17,"column":65}},"type":"if","locations":[{"start":{"line":17,"column":8},"end":{"line":17,"column":65}},{"start":{},"end":{}}],"line":17},"1":{"loc":{"start":{"line":19,"column":8},"end":{"line":23,"column":9}},"type":"if","locations":[{"start":{"line":19,"column":8},"end":{"line":23,"column":9}},{"start":{"line":21,"column":15},"end":{"line":23,"column":9}}],"line":19}},"s":{"0":1,"1":2,"2":2,"3":2,"4":1,"5":1,"6":2,"7":2,"8":2,"9":2,"10":1,"11":1,"12":1,"13":0,"14":1,"15":1,"16":1,"17":1,"18":1,"19":1,"20":0,"21":1,"22":1,"23":1,"24":0,"25":1},"f":{"0":2,"1":2,"2":1,"3":1},"b":{"0":[1,1],"1":[1,0]},"_coverageSchema":"1a1c01bbd47fc00a2c39e90264f33305004495a9","hash":"91dc69d3b04f2b1dec889ad86391a6b506413f1d"}
,"C:\\Users\\jake1\\OneDrive\\Documents\\Coding_Projects\\La Fosse\\week-8-9 Final Project\\third-space\\server\\database\\connect.js": {"path":"C:\\Users\\jake1\\OneDrive\\Documents\\Coding_Projects\\La Fosse\\week-8-9 Final Project\\third-space\\server\\database\\connect.js","statementMap":{"0":{"start":{"line":1,"column":17},"end":{"line":1,"column":30}},"1":{"start":{"line":3,"column":11},"end":{"line":5,"column":2}},"2":{"start":{"line":7,"column":0},"end":{"line":7,"column":41}},"3":{"start":{"line":9,"column":0},"end":{"line":9,"column":20}}},"fnMap":{},"branchMap":{},"s":{"0":12,"1":12,"2":12,"3":12},"f":{},"b":{},"_coverageSchema":"1a1c01bbd47fc00a2c39e90264f33305004495a9","hash":"68b6787186a11e98f1df3d17b94ace182d4da8ba"}
,"C:\\Users\\jake1\\OneDrive\\Documents\\Coding_Projects\\La Fosse\\week-8-9 Final Project\\third-space\\server\\models\\Dashboard.js": {"path":"C:\\Users\\jake1\\OneDrive\\Documents\\Coding_Projects\\La Fosse\\week-8-9 Final Project\\third-space\\server\\models\\Dashboard.js","statementMap":{"0":{"start":{"line":1,"column":11},"end":{"line":1,"column":41}},"1":{"start":{"line":4,"column":21},"end":{"line":12,"column":1}},"2":{"start":{"line":5,"column":2},"end":{"line":11,"column":5}},"3":{"start":{"line":15,"column":22},"end":{"line":25,"column":1}},"4":{"start":{"line":16,"column":2},"end":{"line":24,"column":5}},"5":{"start":{"line":28,"column":19},"end":{"line":37,"column":1}},"6":{"start":{"line":29,"column":2},"end":{"line":36,"column":5}},"7":{"start":{"line":40,"column":23},"end":{"line":42,"column":1}},"8":{"start":{"line":41,"column":2},"end":{"line":41,"column":49}},"9":{"start":{"line":44,"column":31},"end":{"line":52,"column":1}},"10":{"start":{"line":45,"column":2},"end":{"line":51,"column":5}},"11":{"start":{"line":55,"column":22},"end":{"line":69,"column":1}},"12":{"start":{"line":56,"column":2},"end":{"line":68,"column":5}},"13":{"start":{"line":71,"column":0},"end":{"line":78,"column":2}}},"fnMap":{"0":{"name":"(anonymous_0)","decl":{"start":{"line":4,"column":21},"end":{"line":4,"column":22}},"loc":{"start":{"line":4,"column":27},"end":{"line":12,"column":1}},"line":4},"1":{"name":"(anonymous_1)","decl":{"start":{"line":15,"column":22},"end":{"line":15,"column":23}},"loc":{"start":{"line":15,"column":28},"end":{"line":25,"column":1}},"line":15},"2":{"name":"(anonymous_2)","decl":{"start":{"line":28,"column":19},"end":{"line":28,"column":20}},"loc":{"start":{"line":28,"column":25},"end":{"line":37,"column":1}},"line":28},"3":{"name":"(anonymous_3)","decl":{"start":{"line":40,"column":23},"end":{"line":40,"column":24}},"loc":{"start":{"line":40,"column":29},"end":{"line":42,"column":1}},"line":40},"4":{"name":"(anonymous_4)","decl":{"start":{"line":44,"column":31},"end":{"line":44,"column":32}},"loc":{"start":{"line":44,"column":37},"end":{"line":52,"column":1}},"line":44},"5":{"name":"(anonymous_5)","decl":{"start":{"line":55,"column":22},"end":{"line":55,"column":23}},"loc":{"start":{"line":55,"column":28},"end":{"line":69,"column":1}},"line":55}},"branchMap":{},"s":{"0":1,"1":1,"2":6,"3":1,"4":6,"5":1,"6":6,"7":1,"8":5,"9":1,"10":6,"11":1,"12":7,"13":1},"f":{"0":6,"1":6,"2":6,"3":5,"4":6,"5":7},"b":{},"_coverageSchema":"1a1c01bbd47fc00a2c39e90264f33305004495a9","hash":"4998689d1f5b5075b82903fb7581cde8bb41700c"}
,"C:\\Users\\jake1\\OneDrive\\Documents\\Coding_Projects\\La Fosse\\week-8-9 Final Project\\third-space\\server\\models\\Event.js": {"path":"C:\\Users\\jake1\\OneDrive\\Documents\\Coding_Projects\\La Fosse\\week-8-9 Final Project\\third-space\\server\\models\\Event.js","statementMap":{"0":{"start":{"line":1,"column":11},"end":{"line":1,"column":41}},"1":{"start":{"line":12,"column":4},"end":{"line":12,"column":23}},"2":{"start":{"line":13,"column":4},"end":{"line":13,"column":35}},"3":{"start":{"line":14,"column":4},"end":{"line":14,"column":33}},"4":{"start":{"line":15,"column":4},"end":{"line":15,"column":29}},"5":{"start":{"line":16,"column":4},"end":{"line":16,"column":47}},"6":{"start":{"line":17,"column":4},"end":{"line":17,"column":33}},"7":{"start":{"line":21,"column":19},"end":{"line":21,"column":37}},"8":{"start":{"line":23,"column":4},"end":{"line":70,"column":5}},"9":{"start":{"line":24,"column":6},"end":{"line":24,"column":34}},"10":{"start":{"line":27,"column":26},"end":{"line":38,"column":7}},"11":{"start":{"line":40,"column":23},"end":{"line":40,"column":42}},"12":{"start":{"line":43,"column":6},"end":{"line":47,"column":8}},"13":{"start":{"line":49,"column":6},"end":{"line":49,"column":62}},"14":{"start":{"line":51,"column":0},"end":{"line":59,"column":2}},"15":{"start":{"line":61,"column":6},"end":{"line":61,"column":35}},"16":{"start":{"line":63,"column":6},"end":{"line":63,"column":22}},"17":{"start":{"line":65,"column":6},"end":{"line":65,"column":37}},"18":{"start":{"line":66,"column":6},"end":{"line":66,"column":64}},"19":{"start":{"line":67,"column":6},"end":{"line":67,"column":16}},"20":{"start":{"line":69,"column":6},"end":{"line":69,"column":23}},"21":{"start":{"line":74,"column":19},"end":{"line":87,"column":6}},"22":{"start":{"line":89,"column":4},"end":{"line":89,"column":23}},"23":{"start":{"line":93,"column":22},"end":{"line":106,"column":9}},"24":{"start":{"line":108,"column":23},"end":{"line":108,"column":57}},"25":{"start":{"line":109,"column":8},"end":{"line":109,"column":27}},"26":{"start":{"line":113,"column":26},"end":{"line":113,"column":45}},"27":{"start":{"line":114,"column":24},"end":{"line":114,"column":45}},"28":{"start":{"line":115,"column":22},"end":{"line":121,"column":9}},"29":{"start":{"line":123,"column":23},"end":{"line":123,"column":66}},"30":{"start":{"line":124,"column":8},"end":{"line":124,"column":30}},"31":{"start":{"line":128,"column":0},"end":{"line":128,"column":23}}},"fnMap":{"0":{"name":"(anonymous_0)","decl":{"start":{"line":4,"column":2},"end":{"line":4,"column":3}},"loc":{"start":{"line":11,"column":5},"end":{"line":18,"column":3}},"line":11},"1":{"name":"(anonymous_1)","decl":{"start":{"line":20,"column":2},"end":{"line":20,"column":3}},"loc":{"start":{"line":20,"column":15},"end":{"line":71,"column":3}},"line":20},"2":{"name":"(anonymous_2)","decl":{"start":{"line":73,"column":2},"end":{"line":73,"column":3}},"loc":{"start":{"line":73,"column":34},"end":{"line":90,"column":3}},"line":73},"3":{"name":"(anonymous_3)","decl":{"start":{"line":92,"column":2},"end":{"line":92,"column":3}},"loc":{"start":{"line":92,"column":40},"end":{"line":110,"column":5}},"line":92},"4":{"name":"(anonymous_4)","decl":{"start":{"line":112,"column":4},"end":{"line":112,"column":5}},"loc":{"start":{"line":112,"column":44},"end":{"line":125,"column":5}},"line":112}},"branchMap":{},"s":{"0":1,"1":3,"2":3,"3":3,"4":3,"5":3,"6":3,"7":3,"8":3,"9":3,"10":3,"11":2,"12":2,"13":2,"14":2,"15":2,"16":2,"17":1,"18":1,"19":1,"20":3,"21":3,"22":2,"23":3,"24":3,"25":2,"26":3,"27":3,"28":3,"29":3,"30":2,"31":1},"f":{"0":3,"1":3,"2":3,"3":3,"4":3},"b":{},"_coverageSchema":"1a1c01bbd47fc00a2c39e90264f33305004495a9","hash":"d4faca253c1b0c39770ceaa5690aea5c1dd4810d"}
,"C:\\Users\\jake1\\OneDrive\\Documents\\Coding_Projects\\La Fosse\\week-8-9 Final Project\\third-space\\server\\models\\HomePageEvents.js": {"path":"C:\\Users\\jake1\\OneDrive\\Documents\\Coding_Projects\\La Fosse\\week-8-9 Final Project\\third-space\\server\\models\\HomePageEvents.js","statementMap":{"0":{"start":{"line":1,"column":11},"end":{"line":1,"column":41}},"1":{"start":{"line":5,"column":8},"end":{"line":9,"column":50}},"2":{"start":{"line":15,"column":22},"end":{"line":23,"column":9}},"3":{"start":{"line":25,"column":23},"end":{"line":25,"column":58}},"4":{"start":{"line":27,"column":8},"end":{"line":30,"column":9}},"5":{"start":{"line":28,"column":12},"end":{"line":28,"column":42}},"6":{"start":{"line":29,"column":12},"end":{"line":29,"column":36}},"7":{"start":{"line":31,"column":8},"end":{"line":31,"column":36}},"8":{"start":{"line":32,"column":8},"end":{"line":32,"column":30}},"9":{"start":{"line":36,"column":23},"end":{"line":42,"column":9}},"10":{"start":{"line":44,"column":8},"end":{"line":44,"column":30}},"11":{"start":{"line":48,"column":22},"end":{"line":61,"column":17}},"12":{"start":{"line":63,"column":23},"end":{"line":63,"column":58}},"13":{"start":{"line":65,"column":8},"end":{"line":68,"column":9}},"14":{"start":{"line":66,"column":12},"end":{"line":66,"column":46}},"15":{"start":{"line":67,"column":12},"end":{"line":67,"column":41}},"16":{"start":{"line":69,"column":8},"end":{"line":69,"column":36}},"17":{"start":{"line":70,"column":8},"end":{"line":70,"column":30}},"18":{"start":{"line":74,"column":22},"end":{"line":97,"column":5}},"19":{"start":{"line":99,"column":23},"end":{"line":99,"column":57}},"20":{"start":{"line":101,"column":8},"end":{"line":104,"column":9}},"21":{"start":{"line":102,"column":12},"end":{"line":102,"column":42}},"22":{"start":{"line":103,"column":12},"end":{"line":103,"column":47}},"23":{"start":{"line":106,"column":8},"end":{"line":106,"column":36}},"24":{"start":{"line":107,"column":8},"end":{"line":107,"column":30}},"25":{"start":{"line":113,"column":22},"end":{"line":124,"column":5}},"26":{"start":{"line":126,"column":23},"end":{"line":131,"column":10}},"27":{"start":{"line":133,"column":8},"end":{"line":133,"column":30}},"28":{"start":{"line":137,"column":0},"end":{"line":137,"column":32}}},"fnMap":{"0":{"name":"(anonymous_0)","decl":{"start":{"line":4,"column":4},"end":{"line":4,"column":5}},"loc":{"start":{"line":4,"column":69},"end":{"line":10,"column":5}},"line":4},"1":{"name":"(anonymous_1)","decl":{"start":{"line":12,"column":4},"end":{"line":12,"column":5}},"loc":{"start":{"line":12,"column":41},"end":{"line":33,"column":5}},"line":12},"2":{"name":"(anonymous_2)","decl":{"start":{"line":35,"column":4},"end":{"line":35,"column":5}},"loc":{"start":{"line":35,"column":48},"end":{"line":45,"column":5}},"line":35},"3":{"name":"(anonymous_3)","decl":{"start":{"line":47,"column":4},"end":{"line":47,"column":5}},"loc":{"start":{"line":47,"column":39},"end":{"line":71,"column":5}},"line":47},"4":{"name":"(anonymous_4)","decl":{"start":{"line":73,"column":4},"end":{"line":73,"column":5}},"loc":{"start":{"line":73,"column":44},"end":{"line":108,"column":5}},"line":73},"5":{"name":"(anonymous_5)","decl":{"start":{"line":110,"column":4},"end":{"line":110,"column":5}},"loc":{"start":{"line":110,"column":40},"end":{"line":134,"column":5}},"line":110}},"branchMap":{"0":{"loc":{"start":{"line":27,"column":8},"end":{"line":30,"column":9}},"type":"if","locations":[{"start":{"line":27,"column":8},"end":{"line":30,"column":9}},{"start":{},"end":{}}],"line":27},"1":{"loc":{"start":{"line":65,"column":8},"end":{"line":68,"column":9}},"type":"if","locations":[{"start":{"line":65,"column":8},"end":{"line":68,"column":9}},{"start":{},"end":{}}],"line":65},"2":{"loc":{"start":{"line":101,"column":8},"end":{"line":104,"column":9}},"type":"if","locations":[{"start":{"line":101,"column":8},"end":{"line":104,"column":9}},{"start":{},"end":{}}],"line":101},"3":{"loc":{"start":{"line":130,"column":12},"end":{"line":130,"column":40}},"type":"binary-expr","locations":[{"start":{"line":130,"column":12},"end":{"line":130,"column":32}},{"start":{"line":130,"column":36},"end":{"line":130,"column":40}}],"line":130}},"s":{"0":1,"1":0,"2":5,"3":5,"4":5,"5":4,"6":4,"7":1,"8":1,"9":4,"10":4,"11":6,"12":6,"13":6,"14":5,"15":5,"16":1,"17":1,"18":6,"19":6,"20":6,"21":5,"22":5,"23":1,"24":1,"25":4,"26":4,"27":4,"28":1},"f":{"0":0,"1":5,"2":4,"3":6,"4":6,"5":4},"b":{"0":[4,1],"1":[5,1],"2":[5,1],"3":[4,0]},"_coverageSchema":"1a1c01bbd47fc00a2c39e90264f33305004495a9","hash":"7134b6b2d4707ff23e0fb9d617e686804130dca9"}
,"C:\\Users\\jake1\\OneDrive\\Documents\\Coding_Projects\\La Fosse\\week-8-9 Final Project\\third-space\\server\\models\\User.js": {"path":"C:\\Users\\jake1\\OneDrive\\Documents\\Coding_Projects\\La Fosse\\week-8-9 Final Project\\third-space\\server\\models\\User.js","statementMap":{"0":{"start":{"line":1,"column":11},"end":{"line":1,"column":41}},"1":{"start":{"line":6,"column":8},"end":{"line":6,"column":21}},"2":{"start":{"line":7,"column":8},"end":{"line":7,"column":36}},"3":{"start":{"line":8,"column":8},"end":{"line":8,"column":34}},"4":{"start":{"line":9,"column":8},"end":{"line":9,"column":27}},"5":{"start":{"line":10,"column":8},"end":{"line":10,"column":38}},"6":{"start":{"line":11,"column":8},"end":{"line":11,"column":44}},"7":{"start":{"line":12,"column":8},"end":{"line":12,"column":32}},"8":{"start":{"line":13,"column":8},"end":{"line":13,"column":50}},"9":{"start":{"line":14,"column":8},"end":{"line":14,"column":46}},"10":{"start":{"line":18,"column":25},"end":{"line":18,"column":82}},"11":{"start":{"line":19,"column":8},"end":{"line":21,"column":9}},"12":{"start":{"line":20,"column":12},"end":{"line":20,"column":54}},"13":{"start":{"line":22,"column":8},"end":{"line":22,"column":42}},"14":{"start":{"line":26,"column":21},"end":{"line":26,"column":84}},"15":{"start":{"line":27,"column":4},"end":{"line":29,"column":5}},"16":{"start":{"line":28,"column":8},"end":{"line":28,"column":50}},"17":{"start":{"line":31,"column":22},"end":{"line":34,"column":5}},"18":{"start":{"line":36,"column":17},"end":{"line":36,"column":43}},"19":{"start":{"line":37,"column":4},"end":{"line":37,"column":70}},"20":{"start":{"line":37,"column":51},"end":{"line":37,"column":68}},"21":{"start":{"line":38,"column":4},"end":{"line":38,"column":16}},"22":{"start":{"line":42,"column":107},"end":{"line":42,"column":111}},"23":{"start":{"line":45,"column":21},"end":{"line":50,"column":5}},"24":{"start":{"line":52,"column":18},"end":{"line":52,"column":37}},"25":{"start":{"line":55,"column":4},"end":{"line":60,"column":5}},"26":{"start":{"line":56,"column":8},"end":{"line":59,"column":10}},"27":{"start":{"line":62,"column":4},"end":{"line":62,"column":40}},"28":{"start":{"line":66,"column":67},"end":{"line":66,"column":71}},"29":{"start":{"line":68,"column":4},"end":{"line":73,"column":6}},"30":{"start":{"line":76,"column":4},"end":{"line":79,"column":6}},"31":{"start":{"line":81,"column":4},"end":{"line":86,"column":5}},"32":{"start":{"line":82,"column":8},"end":{"line":85,"column":10}},"33":{"start":{"line":88,"column":4},"end":{"line":88,"column":43}},"34":{"start":{"line":91,"column":0},"end":{"line":91,"column":22}}},"fnMap":{"0":{"name":"(anonymous_0)","decl":{"start":{"line":5,"column":4},"end":{"line":5,"column":5}},"loc":{"start":{"line":5,"column":131},"end":{"line":15,"column":5}},"line":5},"1":{"name":"(anonymous_1)","decl":{"start":{"line":17,"column":4},"end":{"line":17,"column":5}},"loc":{"start":{"line":17,"column":32},"end":{"line":23,"column":5}},"line":17},"2":{"name":"(anonymous_2)","decl":{"start":{"line":25,"column":3},"end":{"line":25,"column":4}},"loc":{"start":{"line":25,"column":37},"end":{"line":39,"column":1}},"line":25},"3":{"name":"(anonymous_3)","decl":{"start":{"line":37,"column":44},"end":{"line":37,"column":45}},"loc":{"start":{"line":37,"column":51},"end":{"line":37,"column":68}},"line":37},"4":{"name":"(anonymous_4)","decl":{"start":{"line":41,"column":0},"end":{"line":41,"column":1}},"loc":{"start":{"line":41,"column":26},"end":{"line":63,"column":1}},"line":41},"5":{"name":"(anonymous_5)","decl":{"start":{"line":65,"column":0},"end":{"line":65,"column":1}},"loc":{"start":{"line":65,"column":33},"end":{"line":89,"column":1}},"line":65}},"branchMap":{"0":{"loc":{"start":{"line":19,"column":8},"end":{"line":21,"column":9}},"type":"if","locations":[{"start":{"line":19,"column":8},"end":{"line":21,"column":9}},{"start":{},"end":{}}],"line":19},"1":{"loc":{"start":{"line":27,"column":4},"end":{"line":29,"column":5}},"type":"if","locations":[{"start":{"line":27,"column":4},"end":{"line":29,"column":5}},{"start":{},"end":{}}],"line":27}},"s":{"0":1,"1":7,"2":7,"3":7,"4":7,"5":7,"6":7,"7":7,"8":7,"9":7,"10":5,"11":4,"12":1,"13":3,"14":6,"15":5,"16":1,"17":4,"18":4,"19":4,"20":4,"21":4,"22":3,"23":3,"24":2,"25":2,"26":2,"27":2,"28":3,"29":3,"30":2,"31":2,"32":2,"33":2,"34":1},"f":{"0":7,"1":5,"2":6,"3":4,"4":3,"5":3},"b":{"0":[1,3],"1":[1,4]},"_coverageSchema":"1a1c01bbd47fc00a2c39e90264f33305004495a9","hash":"0319d402ea4e0fc55bae2e509356b55398270162"}
}
