{"C:\\Users\\tnaom\\OneDrive\\Desktop\\Lafosse\\final_project\\Third-Space\\server\\controller\\dashboard.js": {"path":"C:\\Users\\tnaom\\OneDrive\\Desktop\\Lafosse\\final_project\\Third-Space\\server\\controller\\dashboard.js","statementMap":{"0":{"start":{"line":1,"column":23},"end":{"line":1,"column":53}},"1":{"start":{"line":3,"column":21},"end":{"line":34,"column":1}},"2":{"start":{"line":4,"column":2},"end":{"line":33,"column":3}},"3":{"start":{"line":12,"column":8},"end":{"line":19,"column":6}},"4":{"start":{"line":21,"column":4},"end":{"line":28,"column":7}},"5":{"start":{"line":31,"column":4},"end":{"line":31,"column":23}},"6":{"start":{"line":32,"column":4},"end":{"line":32,"column":56}},"7":{"start":{"line":36,"column":0},"end":{"line":38,"column":2}}},"fnMap":{"0":{"name":"(anonymous_0)","decl":{"start":{"line":3,"column":21},"end":{"line":3,"column":22}},"loc":{"start":{"line":3,"column":41},"end":{"line":34,"column":1}},"line":3}},"branchMap":{},"s":{"0":1,"1":1,"2":2,"3":2,"4":1,"5":1,"6":1,"7":1},"f":{"0":2},"b":{},"_coverageSchema":"1a1c01bbd47fc00a2c39e90264f33305004495a9","hash":"e6b96394be1f465b5f0717c6505384d7846e5a35"}
,"C:\\Users\\tnaom\\OneDrive\\Desktop\\Lafosse\\final_project\\Third-Space\\server\\controller\\homeController.js": {"path":"C:\\Users\\tnaom\\OneDrive\\Desktop\\Lafosse\\final_project\\Third-Space\\server\\controller\\homeController.js","statementMap":{"0":{"start":{"line":1,"column":23},"end":{"line":1,"column":58}},"1":{"start":{"line":4,"column":22},"end":{"line":4,"column":42}},"2":{"start":{"line":6,"column":4},"end":{"line":11,"column":5}},"3":{"start":{"line":7,"column":23},"end":{"line":7,"column":66}},"4":{"start":{"line":8,"column":8},"end":{"line":8,"column":37}},"5":{"start":{"line":10,"column":6},"end":{"line":10,"column":51}},"6":{"start":{"line":15,"column":32},"end":{"line":15,"column":45}},"7":{"start":{"line":17,"column":4},"end":{"line":22,"column":5}},"8":{"start":{"line":18,"column":23},"end":{"line":18,"column":74}},"9":{"start":{"line":19,"column":8},"end":{"line":19,"column":37}},"10":{"start":{"line":21,"column":8},"end":{"line":21,"column":53}},"11":{"start":{"line":26,"column":22},"end":{"line":26,"column":42}},"12":{"start":{"line":28,"column":4},"end":{"line":33,"column":5}},"13":{"start":{"line":29,"column":23},"end":{"line":29,"column":64}},"14":{"start":{"line":30,"column":8},"end":{"line":30,"column":37}},"15":{"start":{"line":32,"column":8},"end":{"line":32,"column":53}},"16":{"start":{"line":37,"column":22},"end":{"line":37,"column":42}},"17":{"start":{"line":39,"column":4},"end":{"line":44,"column":5}},"18":{"start":{"line":40,"column":23},"end":{"line":40,"column":70}},"19":{"start":{"line":41,"column":8},"end":{"line":41,"column":37}},"20":{"start":{"line":43,"column":8},"end":{"line":43,"column":53}},"21":{"start":{"line":48,"column":21},"end":{"line":48,"column":29}},"22":{"start":{"line":50,"column":4},"end":{"line":55,"column":5}},"23":{"start":{"line":51,"column":23},"end":{"line":51,"column":62}},"24":{"start":{"line":52,"column":8},"end":{"line":52,"column":37}},"25":{"start":{"line":54,"column":8},"end":{"line":54,"column":53}},"26":{"start":{"line":58,"column":0},"end":{"line":64,"column":1}}},"fnMap":{"0":{"name":"newUserEvent","decl":{"start":{"line":3,"column":15},"end":{"line":3,"column":27}},"loc":{"start":{"line":3,"column":38},"end":{"line":12,"column":1}},"line":3},"1":{"name":"joinEvent","decl":{"start":{"line":14,"column":15},"end":{"line":14,"column":24}},"loc":{"start":{"line":14,"column":35},"end":{"line":23,"column":1}},"line":14},"2":{"name":"nextEvent","decl":{"start":{"line":25,"column":15},"end":{"line":25,"column":24}},"loc":{"start":{"line":25,"column":35},"end":{"line":34,"column":1}},"line":25},"3":{"name":"recentPastEvent","decl":{"start":{"line":36,"column":15},"end":{"line":36,"column":30}},"loc":{"start":{"line":36,"column":40},"end":{"line":45,"column":1}},"line":36},"4":{"name":"feedback","decl":{"start":{"line":47,"column":15},"end":{"line":47,"column":23}},"loc":{"start":{"line":47,"column":34},"end":{"line":56,"column":1}},"line":47}},"branchMap":{},"s":{"0":1,"1":2,"2":2,"3":2,"4":1,"5":1,"6":2,"7":2,"8":2,"9":1,"10":1,"11":0,"12":0,"13":0,"14":0,"15":0,"16":0,"17":0,"18":0,"19":0,"20":0,"21":0,"22":0,"23":0,"24":0,"25":0,"26":1},"f":{"0":2,"1":2,"2":0,"3":0,"4":0},"b":{},"_coverageSchema":"1a1c01bbd47fc00a2c39e90264f33305004495a9","hash":"2a03a36af8c58c74526f563aa3d485169ad8f078"}
,"C:\\Users\\tnaom\\OneDrive\\Desktop\\Lafosse\\final_project\\Third-Space\\server\\controller\\user.js": {"path":"C:\\Users\\tnaom\\OneDrive\\Desktop\\Lafosse\\final_project\\Third-Space\\server\\controller\\user.js","statementMap":{"0":{"start":{"line":1,"column":13},"end":{"line":1,"column":38}},"1":{"start":{"line":4,"column":4},"end":{"line":10,"column":5}},"2":{"start":{"line":5,"column":21},"end":{"line":5,"column":29}},"3":{"start":{"line":6,"column":23},"end":{"line":6,"column":46}},"4":{"start":{"line":7,"column":8},"end":{"line":7,"column":37}},"5":{"start":{"line":9,"column":8},"end":{"line":9,"column":53}},"6":{"start":{"line":14,"column":17},"end":{"line":14,"column":25}},"7":{"start":{"line":15,"column":4},"end":{"line":26,"column":5}},"8":{"start":{"line":16,"column":21},"end":{"line":16,"column":57}},"9":{"start":{"line":17,"column":8},"end":{"line":17,"column":65}},"10":{"start":{"line":17,"column":21},"end":{"line":17,"column":63}},"11":{"start":{"line":19,"column":8},"end":{"line":23,"column":9}},"12":{"start":{"line":20,"column":12},"end":{"line":20,"column":39}},"13":{"start":{"line":22,"column":12},"end":{"line":22,"column":63}},"14":{"start":{"line":25,"column":8},"end":{"line":25,"column":53}},"15":{"start":{"line":30,"column":4},"end":{"line":38,"column":5}},"16":{"start":{"line":31,"column":22},"end":{"line":31,"column":38}},"17":{"start":{"line":32,"column":21},"end":{"line":32,"column":29}},"18":{"start":{"line":34,"column":24},"end":{"line":34,"column":54}},"19":{"start":{"line":35,"column":8},"end":{"line":35,"column":38}},"20":{"start":{"line":37,"column":8},"end":{"line":37,"column":53}},"21":{"start":{"line":42,"column":4},"end":{"line":47,"column":5}},"22":{"start":{"line":43,"column":21},"end":{"line":43,"column":63}},"23":{"start":{"line":44,"column":8},"end":{"line":44,"column":35}},"24":{"start":{"line":46,"column":8},"end":{"line":46,"column":53}},"25":{"start":{"line":50,"column":0},"end":{"line":50,"column":64}}},"fnMap":{"0":{"name":"register","decl":{"start":{"line":3,"column":15},"end":{"line":3,"column":23}},"loc":{"start":{"line":3,"column":34},"end":{"line":11,"column":1}},"line":3},"1":{"name":"login","decl":{"start":{"line":13,"column":15},"end":{"line":13,"column":20}},"loc":{"start":{"line":13,"column":31},"end":{"line":27,"column":1}},"line":13},"2":{"name":"updateProfile","decl":{"start":{"line":29,"column":15},"end":{"line":29,"column":28}},"loc":{"start":{"line":29,"column":39},"end":{"line":39,"column":1}},"line":29},"3":{"name":"getProfile","decl":{"start":{"line":41,"column":15},"end":{"line":41,"column":25}},"loc":{"start":{"line":41,"column":36},"end":{"line":48,"column":1}},"line":41}},"branchMap":{"0":{"loc":{"start":{"line":17,"column":8},"end":{"line":17,"column":65}},"type":"if","locations":[{"start":{"line":17,"column":8},"end":{"line":17,"column":65}},{"start":{},"end":{}}],"line":17},"1":{"loc":{"start":{"line":19,"column":8},"end":{"line":23,"column":9}},"type":"if","locations":[{"start":{"line":19,"column":8},"end":{"line":23,"column":9}},{"start":{"line":21,"column":15},"end":{"line":23,"column":9}}],"line":19}},"s":{"0":1,"1":2,"2":2,"3":2,"4":1,"5":1,"6":3,"7":3,"8":3,"9":2,"10":1,"11":1,"12":1,"13":0,"14":2,"15":0,"16":0,"17":0,"18":0,"19":0,"20":0,"21":0,"22":0,"23":0,"24":0,"25":1},"f":{"0":2,"1":3,"2":0,"3":0},"b":{"0":[1,1],"1":[1,0]},"_coverageSchema":"1a1c01bbd47fc00a2c39e90264f33305004495a9","hash":"266a00984f193e847a9f928e22f6a6e1d92ef522"}
,"C:\\Users\\tnaom\\OneDrive\\Desktop\\Lafosse\\final_project\\Third-Space\\server\\database\\connect.js": {"path":"C:\\Users\\tnaom\\OneDrive\\Desktop\\Lafosse\\final_project\\Third-Space\\server\\database\\connect.js","statementMap":{"0":{"start":{"line":1,"column":17},"end":{"line":1,"column":30}},"1":{"start":{"line":3,"column":11},"end":{"line":5,"column":2}},"2":{"start":{"line":7,"column":0},"end":{"line":7,"column":41}},"3":{"start":{"line":9,"column":0},"end":{"line":9,"column":20}}},"fnMap":{},"branchMap":{},"s":{"0":3,"1":3,"2":3,"3":3},"f":{},"b":{},"_coverageSchema":"1a1c01bbd47fc00a2c39e90264f33305004495a9","hash":"659af40eae04627dd3dfadf35ddb12460bf96450"}
}
