TN:
SF:controller\user.js
FN:3,register
FN:13,login
FN:29,updateProfile
FN:41,getProfile
FNF:4
FNH:2
FNDA:2,register
FNDA:3,login
FNDA:0,updateProfile
FNDA:0,getProfile
DA:1,1
DA:4,2
DA:5,2
DA:6,2
DA:7,0
DA:9,2
DA:14,3
DA:15,3
DA:16,3
DA:17,0
DA:19,0
DA:20,0
DA:22,0
DA:25,3
DA:30,0
DA:31,0
DA:32,0
DA:34,0
DA:35,0
DA:37,0
DA:42,0
DA:43,0
DA:44,0
DA:46,0
DA:50,1
LF:25
LH:10
BRDA:17,0,0,0
BRDA:17,0,1,0
BRDA:19,1,0,0
BRDA:19,1,1,0
BRF:4
BRH:0
end_of_record
TN:
SF:database\connect.js
FNF:0
FNH:0
DA:1,2
DA:3,2
DA:7,2
DA:9,2
LF:4
LH:4
BRF:0
BRH:0
end_of_record
TN:
SF:models\User.js
FN:5,(anonymous_0)
FN:17,(anonymous_1)
FN:25,(anonymous_2)
FN:37,(anonymous_3)
FN:41,(anonymous_4)
FN:65,(anonymous_5)
FNF:6
FNH:2
FNDA:0,(anonymous_0)
FNDA:0,(anonymous_1)
FNDA:3,(anonymous_2)
FNDA:0,(anonymous_3)
FNDA:2,(anonymous_4)
FNDA:0,(anonymous_5)
DA:1,1
DA:6,0
DA:7,0
DA:8,0
DA:9,0
DA:10,0
DA:11,0
DA:12,0
DA:13,0
DA:14,0
DA:18,0
DA:19,0
DA:20,0
DA:22,0
DA:26,3
DA:27,0
DA:28,0
DA:31,0
DA:36,0
DA:37,0
DA:38,0
DA:42,2
DA:45,2
DA:52,0
DA:55,0
DA:56,0
DA:62,0
DA:66,0
DA:68,0
DA:76,0
DA:81,0
DA:82,0
DA:88,0
DA:91,1
LF:34
LH:5
BRDA:19,0,0,0
BRDA:19,0,1,0
BRDA:27,1,0,0
BRDA:27,1,1,0
BRF:4
BRH:0
end_of_record
