TN:
SF:controller\dashboard.js
FN:3,(anonymous_0)
FNF:1
FNH:1
FNDA:2,(anonymous_0)
DA:1,1
DA:3,1
DA:4,2
DA:12,2
DA:21,1
DA:31,1
DA:32,1
DA:36,1
LF:8
LH:8
BRF:0
BRH:0
end_of_record
TN:
SF:controller\eventsPageController.js
FN:3,userEvents
FN:14,cancelEvent
FNF:2
FNH:2
FNDA:2,userEvents
FNDA:2,cancelEvent
DA:1,1
DA:4,2
DA:6,2
DA:7,2
DA:8,1
DA:10,1
DA:15,2
DA:17,2
DA:18,2
DA:19,1
DA:21,1
DA:25,1
LF:12
LH:12
BRF:0
BRH:0
end_of_record
TN:
SF:controller\homeController.js
FN:3,newUserEvent
FN:14,joinEvent
FN:25,nextEvent
FN:36,recentPastEvent
FN:47,feedback
FNF:5
FNH:5
FNDA:1,newUserEvent
FNDA:1,joinEvent
FNDA:1,nextEvent
FNDA:1,recentPastEvent
FNDA:2,feedback
DA:1,1
DA:4,1
DA:6,1
DA:7,1
DA:8,1
DA:10,0
DA:15,1
DA:17,1
DA:18,1
DA:19,1
DA:21,0
DA:26,1
DA:28,1
DA:29,1
DA:30,1
DA:32,0
DA:37,1
DA:39,1
DA:40,1
DA:41,1
DA:43,0
DA:48,2
DA:50,2
DA:51,2
DA:52,1
DA:54,1
DA:58,1
LF:27
LH:23
BRF:0
BRH:0
end_of_record
TN:
SF:controller\user.js
FN:3,register
FN:13,login
FN:29,updateProfile
FN:41,getProfile
FNF:4
FNH:4
FNDA:2,register
FNDA:2,login
FNDA:1,updateProfile
FNDA:1,getProfile
DA:1,1
DA:4,2
DA:5,2
DA:6,2
DA:7,1
DA:9,1
DA:14,2
DA:15,2
DA:16,2
DA:17,2
DA:19,1
DA:20,1
DA:22,0
DA:25,1
DA:30,1
DA:31,1
DA:32,1
DA:34,1
DA:35,1
DA:37,0
DA:42,1
DA:43,1
DA:44,1
DA:46,0
DA:50,1
LF:25
LH:22
BRDA:17,0,0,1
BRDA:17,0,1,1
BRDA:19,1,0,1
BRDA:19,1,1,0
BRF:4
BRH:3
end_of_record
TN:
SF:database\connect.js
FNF:0
FNH:0
DA:1,12
DA:3,12
DA:7,12
DA:9,12
LF:4
LH:4
BRF:0
BRH:0
end_of_record
TN:
SF:models\Dashboard.js
FN:4,(anonymous_0)
FN:15,(anonymous_1)
FN:28,(anonymous_2)
FN:40,(anonymous_3)
FN:44,(anonymous_4)
FN:55,(anonymous_5)
FNF:6
FNH:6
FNDA:6,(anonymous_0)
FNDA:6,(anonymous_1)
FNDA:6,(anonymous_2)
FNDA:5,(anonymous_3)
FNDA:6,(anonymous_4)
FNDA:7,(anonymous_5)
DA:1,1
DA:4,1
DA:5,6
DA:15,1
DA:16,6
DA:28,1
DA:29,6
DA:40,1
DA:41,5
DA:44,1
DA:45,6
DA:55,1
DA:56,7
DA:71,1
LF:14
LH:14
BRF:0
BRH:0
end_of_record
TN:
SF:models\Event.js
FN:4,(anonymous_0)
FN:20,(anonymous_1)
FN:73,(anonymous_2)
FN:92,(anonymous_3)
FN:112,(anonymous_4)
FNF:5
FNH:5
FNDA:3,(anonymous_0)
FNDA:3,(anonymous_1)
FNDA:3,(anonymous_2)
FNDA:3,(anonymous_3)
FNDA:3,(anonymous_4)
DA:1,1
DA:12,3
DA:13,3
DA:14,3
DA:15,3
DA:16,3
DA:17,3
DA:21,3
DA:23,3
DA:24,3
DA:27,3
DA:40,2
DA:43,2
DA:49,2
DA:51,2
DA:61,2
DA:63,2
DA:65,1
DA:66,1
DA:67,1
DA:69,3
DA:74,3
DA:89,2
DA:93,3
DA:108,3
DA:109,2
DA:113,3
DA:114,3
DA:115,3
DA:123,3
DA:124,2
DA:128,1
LF:32
LH:32
BRF:0
BRH:0
end_of_record
TN:
SF:models\HomePageEvents.js
FN:4,(anonymous_0)
FN:12,(anonymous_1)
FN:35,(anonymous_2)
FN:47,(anonymous_3)
FN:73,(anonymous_4)
FN:110,(anonymous_5)
FNF:6
FNH:5
FNDA:0,(anonymous_0)
FNDA:5,(anonymous_1)
FNDA:4,(anonymous_2)
FNDA:6,(anonymous_3)
FNDA:6,(anonymous_4)
FNDA:4,(anonymous_5)
DA:1,1
DA:5,0
DA:15,5
DA:25,5
DA:27,5
DA:28,4
DA:29,4
DA:31,1
DA:32,1
DA:36,4
DA:44,4
DA:48,6
DA:63,6
DA:65,6
DA:66,5
DA:67,5
DA:69,1
DA:70,1
DA:74,6
DA:99,6
DA:101,6
DA:102,5
DA:103,5
DA:106,1
DA:107,1
DA:113,4
DA:126,4
DA:133,4
DA:137,1
LF:29
LH:28
BRDA:27,0,0,4
BRDA:27,0,1,1
BRDA:65,1,0,5
BRDA:65,1,1,1
BRDA:101,2,0,5
BRDA:101,2,1,1
BRDA:130,3,0,4
BRDA:130,3,1,0
BRF:8
BRH:7
end_of_record
TN:
SF:models\User.js
FN:5,(anonymous_0)
FN:17,(anonymous_1)
FN:25,(anonymous_2)
FN:37,(anonymous_3)
FN:41,(anonymous_4)
FN:65,(anonymous_5)
FNF:6
FNH:6
FNDA:7,(anonymous_0)
FNDA:5,(anonymous_1)
FNDA:6,(anonymous_2)
FNDA:4,(anonymous_3)
FNDA:3,(anonymous_4)
FNDA:3,(anonymous_5)
DA:1,1
DA:6,7
DA:7,7
DA:8,7
DA:9,7
DA:10,7
DA:11,7
DA:12,7
DA:13,7
DA:14,7
DA:18,5
DA:19,4
DA:20,1
DA:22,3
DA:26,6
DA:27,5
DA:28,1
DA:31,4
DA:36,4
DA:37,4
DA:38,4
DA:42,3
DA:45,3
DA:52,2
DA:55,2
DA:56,2
DA:62,2
DA:66,3
DA:68,3
DA:76,2
DA:81,2
DA:82,2
DA:88,2
DA:91,1
LF:34
LH:34
BRDA:19,0,0,1
BRDA:19,0,1,3
BRDA:27,1,0,1
BRDA:27,1,1,4
BRF:4
BRH:4
end_of_record
