<?xml version="1.0" encoding="UTF-8"?>
<coverage generated="1776434507060" clover="3.2.0">
  <project timestamp="1776434507060" name="All files">
    <metrics statements="49" coveredstatements="48" conditionals="26" coveredconditionals="24" methods="22" coveredmethods="20" elements="97" coveredelements="92" complexity="0" loc="49" ncloc="49" packages="2" files="4" classes="4"/>
    <package name="components">
      <metrics statements="49" coveredstatements="48" conditionals="26" coveredconditionals="24" methods="22" coveredmethods="20"/>
      <file name="profile.jsx" path="C:\Users\tnaom\OneDrive\Desktop\Lafosse\final_project\Third-Space\client\src\components\profile.jsx">
        <metrics statements="19" coveredstatements="18" conditionals="10" coveredconditionals="9" methods="11" coveredmethods="9"/>
        <line num="5" count="20" type="stmt"/>
        <line num="6" count="20" type="stmt"/>
        <line num="7" count="20" type="stmt"/>
        <line num="8" count="20" type="stmt"/>
        <line num="10" count="20" type="stmt"/>
        <line num="11" count="5" type="cond" truecount="2" falsecount="0"/>
        <line num="12" count="2" type="stmt"/>
        <line num="13" count="4" type="cond" truecount="1" falsecount="1"/>
        <line num="14" count="4" type="stmt"/>
        <line num="18" count="20" type="stmt"/>
        <line num="19" count="1" type="stmt"/>
        <line num="20" count="1" type="stmt"/>
        <line num="23" count="20" type="stmt"/>
        <line num="33" count="1" type="stmt"/>
        <line num="54" count="1" type="stmt"/>
        <line num="63" count="1" type="stmt"/>
        <line num="72" count="0" type="stmt"/>
        <line num="86" count="280" type="stmt"/>
        <line num="89" count="5" type="stmt"/>
      </file>
      <file name="signup.jsx" path="C:\Users\tnaom\OneDrive\Desktop\Lafosse\final_project\Third-Space\client\src\components\signup.jsx">
        <metrics statements="30" coveredstatements="30" conditionals="16" coveredconditionals="15" methods="11" coveredmethods="11"/>
        <line num="6" count="31" type="stmt"/>
        <line num="7" count="31" type="stmt"/>
        <line num="8" count="31" type="stmt"/>
        <line num="9" count="31" type="stmt"/>
        <line num="16" count="31" type="stmt"/>
        <line num="18" count="31" type="stmt"/>
        <line num="19" count="13" type="cond" truecount="2" falsecount="0"/>
        <line num="20" count="1" type="stmt"/>
        <line num="21" count="12" type="cond" truecount="1" falsecount="1"/>
        <line num="22" count="12" type="stmt"/>
        <line num="26" count="31" type="stmt"/>
        <line num="27" count="2" type="stmt"/>
        <line num="30" count="31" type="stmt"/>
        <line num="31" count="3" type="stmt"/>
        <line num="33" count="3" type="cond" truecount="2" falsecount="0"/>
        <line num="34" count="1" type="stmt"/>
        <line num="35" count="1" type="stmt"/>
        <line num="38" count="2" type="stmt"/>
        <line num="39" count="2" type="stmt"/>
        <line num="49" count="2" type="stmt"/>
        <line num="50" count="2" type="cond" truecount="4" falsecount="0"/>
        <line num="52" count="1" type="stmt"/>
        <line num="54" count="1" type="stmt"/>
        <line num="58" count="31" type="stmt"/>
        <line num="119" count="1" type="stmt"/>
        <line num="122" count="1" type="stmt"/>
        <line num="125" count="1" type="stmt"/>
        <line num="143" count="434" type="stmt"/>
        <line num="146" count="13" type="stmt"/>
        <line num="163" count="1" type="stmt"/>
      </file>
    </package>
    <package name="css">
      <metrics statements="0" coveredstatements="0" conditionals="0" coveredconditionals="0" methods="0" coveredmethods="0"/>
      <file name="profile.css" path="C:\Users\tnaom\OneDrive\Desktop\Lafosse\final_project\Third-Space\client\src\css\profile.css">
        <metrics statements="0" coveredstatements="0" conditionals="0" coveredconditionals="0" methods="0" coveredmethods="0"/>
      </file>
      <file name="signup.css" path="C:\Users\tnaom\OneDrive\Desktop\Lafosse\final_project\Third-Space\client\src\css\signup.css">
        <metrics statements="0" coveredstatements="0" conditionals="0" coveredconditionals="0" methods="0" coveredmethods="0"/>
      </file>
    </package>
  </project>
</coverage>
