{"C:\\Users\\tnaom\\OneDrive\\Desktop\\Lafosse\\final_project\\Third-Space\\client\\src\\components\\profile.jsx": {"path":"C:\\Users\\tnaom\\OneDrive\\Desktop\\Lafosse\\final_project\\Third-Space\\client\\src\\components\\profile.jsx","statementMap":{"0":{"start":{"line":5,"column":21},"end":{"line":5,"column":65}},"1":{"start":{"line":6,"column":21},"end":{"line":6,"column":65}},"2":{"start":{"line":7,"column":19},"end":{"line":7,"column":52}},"3":{"start":{"line":8,"column":18},"end":{"line":8,"column":45}},"4":{"start":{"line":10,"column":10},"end":{"line":14,"column":null}},"5":{"start":{"line":11,"column":8},"end":{"line":14,"column":null}},"6":{"start":{"line":12,"column":12},"end":{"line":12,"column":null}},"7":{"start":{"line":12,"column":47},"end":{"line":12,"column":62}},"8":{"start":{"line":13,"column":19},"end":{"line":14,"column":null}},"9":{"start":{"line":14,"column":12},"end":{"line":14,"column":null}},"10":{"start":{"line":18,"column":10},"end":{"line":20,"column":null}},"11":{"start":{"line":19,"column":8},"end":{"line":19,"column":null}},"12":{"start":{"line":20,"column":8},"end":{"line":20,"column":null}},"13":{"start":{"line":20,"column":25},"end":{"line":20,"column":40}},"14":{"start":{"line":23,"column":4},"end":{"line":103,"column":null}},"15":{"start":{"line":33,"column":37},"end":{"line":33,"column":64}},"16":{"start":{"line":54,"column":52},"end":{"line":54,"column":null}},"17":{"start":{"line":63,"column":52},"end":{"line":63,"column":null}},"18":{"start":{"line":72,"column":52},"end":{"line":72,"column":null}},"19":{"start":{"line":86,"column":36},"end":{"line":93,"column":null}},"20":{"start":{"line":89,"column":55},"end":{"line":89,"column":71}}},"fnMap":{"0":{"name":"Profile","decl":{"start":{"line":4,"column":9},"end":{"line":4,"column":19}},"loc":{"start":{"line":4,"column":19},"end":{"line":103,"column":null}},"line":4},"1":{"name":"(anonymous_1)","decl":{"start":{"line":10,"column":10},"end":{"line":10,"column":20}},"loc":{"start":{"line":10,"column":33},"end":{"line":14,"column":null}},"line":10},"2":{"name":"(anonymous_2)","decl":{"start":{"line":12,"column":33},"end":{"line":12,"column":41}},"loc":{"start":{"line":12,"column":47},"end":{"line":12,"column":62}},"line":12},"3":{"name":"(anonymous_3)","decl":{"start":{"line":18,"column":10},"end":{"line":18,"column":29}},"loc":{"start":{"line":18,"column":29},"end":{"line":20,"column":null}},"line":18},"4":{"name":"(anonymous_4)","decl":{"start":{"line":20,"column":8},"end":{"line":20,"column":25}},"loc":{"start":{"line":20,"column":25},"end":{"line":20,"column":40}},"line":20},"5":{"name":"(anonymous_5)","decl":{"start":{"line":33,"column":20},"end":{"line":33,"column":31}},"loc":{"start":{"line":33,"column":37},"end":{"line":33,"column":64}},"line":33},"6":{"name":"(anonymous_6)","decl":{"start":{"line":54,"column":36},"end":{"line":54,"column":52}},"loc":{"start":{"line":54,"column":52},"end":{"line":54,"column":null}},"line":54},"7":{"name":"(anonymous_7)","decl":{"start":{"line":63,"column":36},"end":{"line":63,"column":52}},"loc":{"start":{"line":63,"column":52},"end":{"line":63,"column":null}},"line":63},"8":{"name":"(anonymous_8)","decl":{"start":{"line":72,"column":36},"end":{"line":72,"column":52}},"loc":{"start":{"line":72,"column":52},"end":{"line":72,"column":null}},"line":72},"9":{"name":"(anonymous_9)","decl":{"start":{"line":85,"column":188},"end":{"line":85,"column":193}},"loc":{"start":{"line":86,"column":36},"end":{"line":93,"column":null}},"line":86},"10":{"name":"(anonymous_10)","decl":{"start":{"line":89,"column":40},"end":{"line":89,"column":55}},"loc":{"start":{"line":89,"column":55},"end":{"line":89,"column":71}},"line":89}},"branchMap":{"0":{"loc":{"start":{"line":11,"column":8},"end":{"line":14,"column":null}},"type":"if","locations":[{"start":{"line":11,"column":8},"end":{"line":14,"column":null}},{"start":{"line":13,"column":19},"end":{"line":14,"column":null}}],"line":11},"1":{"loc":{"start":{"line":13,"column":19},"end":{"line":14,"column":null}},"type":"if","locations":[{"start":{"line":13,"column":19},"end":{"line":14,"column":null}},{"start":{},"end":{}}],"line":13},"2":{"loc":{"start":{"line":88,"column":66},"end":{"line":88,"column":null}},"type":"cond-expr","locations":[{"start":{"line":88,"column":96},"end":{"line":88,"column":121}},{"start":{"line":88,"column":121},"end":{"line":88,"column":null}}],"line":88},"3":{"loc":{"start":{"line":90,"column":50},"end":{"line":90,"column":null}},"type":"binary-expr","locations":[{"start":{"line":90,"column":50},"end":{"line":90,"column":78}},{"start":{"line":90,"column":82},"end":{"line":90,"column":null}}],"line":90},"4":{"loc":{"start":{"line":102,"column":17},"end":{"line":102,"column":null}},"type":"cond-expr","locations":[{"start":{"line":102,"column":25},"end":{"line":102,"column":36}},{"start":{"line":102,"column":36},"end":{"line":102,"column":null}}],"line":102}},"s":{"0":20,"1":20,"2":20,"3":20,"4":20,"5":5,"6":1,"7":2,"8":4,"9":4,"10":20,"11":1,"12":1,"13":0,"14":20,"15":1,"16":1,"17":1,"18":0,"19":280,"20":5},"f":{"0":20,"1":5,"2":2,"3":1,"4":0,"5":1,"6":1,"7":1,"8":0,"9":280,"10":5},"b":{"0":[1,4],"1":[4,0],"2":[46,234],"3":[280,234],"4":[1,19]},"meta":{"lastBranch":5,"lastFunction":11,"lastStatement":21,"seen":{"f:4:9:4:19":0,"s:5:21:5:65":0,"s:6:21:6:65":1,"s:7:19:7:52":2,"s:8:18:8:45":3,"s:10:10:14:Infinity":4,"f:10:10:10:20":1,"b:11:8:14:Infinity:13:19:14:Infinity":0,"s:11:8:14:Infinity":5,"s:12:12:12:Infinity":6,"f:12:33:12:41":2,"s:12:47:12:62":7,"b:13:19:14:Infinity:undefined:undefined:undefined:undefined":1,"s:13:19:14:Infinity":8,"s:14:12:14:Infinity":9,"s:18:10:20:Infinity":10,"f:18:10:18:29":3,"s:19:8:19:Infinity":11,"s:20:8:20:Infinity":12,"f:20:8:20:25":4,"s:20:25:20:40":13,"s:23:4:103:Infinity":14,"f:33:20:33:31":5,"s:33:37:33:64":15,"f:54:36:54:52":6,"s:54:52:54:Infinity":16,"f:63:36:63:52":7,"s:63:52:63:Infinity":17,"f:72:36:72:52":8,"s:72:52:72:Infinity":18,"f:85:188:85:193":9,"s:86:36:93:Infinity":19,"b:88:96:88:121:88:121:88:Infinity":2,"f:89:40:89:55":10,"s:89:55:89:71":20,"b:90:50:90:78:90:82:90:Infinity":3,"b:102:25:102:36:102:36:102:Infinity":4}}}
,"C:\\Users\\tnaom\\OneDrive\\Desktop\\Lafosse\\final_project\\Third-Space\\client\\src\\components\\signup.jsx": {"path":"C:\\Users\\tnaom\\OneDrive\\Desktop\\Lafosse\\final_project\\Third-Space\\client\\src\\components\\signup.jsx","statementMap":{"0":{"start":{"line":6,"column":10},"end":{"line":6,"column":34}},"1":{"start":{"line":7,"column":30},"end":{"line":7,"column":66}},"2":{"start":{"line":8,"column":29},"end":{"line":8,"column":70}},"3":{"start":{"line":9,"column":21},"end":{"line":15,"column":6}},"4":{"start":{"line":16,"column":18},"end":{"line":16,"column":42}},"5":{"start":{"line":18,"column":10},"end":{"line":22,"column":null}},"6":{"start":{"line":19,"column":8},"end":{"line":22,"column":null}},"7":{"start":{"line":20,"column":12},"end":{"line":20,"column":null}},"8":{"start":{"line":20,"column":65},"end":{"line":20,"column":80}},"9":{"start":{"line":21,"column":19},"end":{"line":22,"column":null}},"10":{"start":{"line":22,"column":12},"end":{"line":22,"column":null}},"11":{"start":{"line":26,"column":10},"end":{"line":27,"column":null}},"12":{"start":{"line":27,"column":8},"end":{"line":27,"column":null}},"13":{"start":{"line":30,"column":25},"end":{"line":54,"column":null}},"14":{"start":{"line":31,"column":8},"end":{"line":31,"column":null}},"15":{"start":{"line":33,"column":8},"end":{"line":35,"column":null}},"16":{"start":{"line":34,"column":12},"end":{"line":34,"column":null}},"17":{"start":{"line":35,"column":12},"end":{"line":35,"column":null}},"18":{"start":{"line":38,"column":8},"end":{"line":54,"column":null}},"19":{"start":{"line":39,"column":29},"end":{"line":47,"column":14}},"20":{"start":{"line":49,"column":25},"end":{"line":49,"column":46}},"21":{"start":{"line":50,"column":12},"end":{"line":50,"column":null}},"22":{"start":{"line":50,"column":30},"end":{"line":50,"column":null}},"23":{"start":{"line":52,"column":12},"end":{"line":52,"column":null}},"24":{"start":{"line":54,"column":12},"end":{"line":54,"column":null}},"25":{"start":{"line":58,"column":4},"end":{"line":167,"column":null}},"26":{"start":{"line":119,"column":102},"end":{"line":119,"column":141}},"27":{"start":{"line":122,"column":105},"end":{"line":122,"column":144}},"28":{"start":{"line":125,"column":117},"end":{"line":125,"column":156}},"29":{"start":{"line":143,"column":40},"end":{"line":150,"column":null}},"30":{"start":{"line":146,"column":59},"end":{"line":146,"column":83}},"31":{"start":{"line":163,"column":63},"end":{"line":163,"column":76}}},"fnMap":{"0":{"name":"SignUp","decl":{"start":{"line":5,"column":9},"end":{"line":5,"column":18}},"loc":{"start":{"line":5,"column":18},"end":{"line":167,"column":null}},"line":5},"1":{"name":"(anonymous_1)","decl":{"start":{"line":18,"column":10},"end":{"line":18,"column":28}},"loc":{"start":{"line":18,"column":41},"end":{"line":22,"column":null}},"line":18},"2":{"name":"(anonymous_2)","decl":{"start":{"line":20,"column":51},"end":{"line":20,"column":59}},"loc":{"start":{"line":20,"column":65},"end":{"line":20,"column":80}},"line":20},"3":{"name":"(anonymous_3)","decl":{"start":{"line":26,"column":10},"end":{"line":26,"column":26}},"loc":{"start":{"line":26,"column":32},"end":{"line":27,"column":null}},"line":26},"4":{"name":"(anonymous_4)","decl":{"start":{"line":30,"column":25},"end":{"line":30,"column":37}},"loc":{"start":{"line":30,"column":37},"end":{"line":54,"column":null}},"line":30},"5":{"name":"(anonymous_5)","decl":{"start":{"line":119,"column":85},"end":{"line":119,"column":96}},"loc":{"start":{"line":119,"column":102},"end":{"line":119,"column":141}},"line":119},"6":{"name":"(anonymous_6)","decl":{"start":{"line":122,"column":88},"end":{"line":122,"column":99}},"loc":{"start":{"line":122,"column":105},"end":{"line":122,"column":144}},"line":122},"7":{"name":"(anonymous_7)","decl":{"start":{"line":125,"column":100},"end":{"line":125,"column":111}},"loc":{"start":{"line":125,"column":117},"end":{"line":125,"column":156}},"line":125},"8":{"name":"(anonymous_8)","decl":{"start":{"line":142,"column":38},"end":{"line":142,"column":43}},"loc":{"start":{"line":143,"column":40},"end":{"line":150,"column":null}},"line":143},"9":{"name":"(anonymous_9)","decl":{"start":{"line":146,"column":44},"end":{"line":146,"column":59}},"loc":{"start":{"line":146,"column":59},"end":{"line":146,"column":83}},"line":146},"10":{"name":"(anonymous_10)","decl":{"start":{"line":163,"column":48},"end":{"line":163,"column":63}},"loc":{"start":{"line":163,"column":63},"end":{"line":163,"column":76}},"line":163}},"branchMap":{"0":{"loc":{"start":{"line":19,"column":8},"end":{"line":22,"column":null}},"type":"if","locations":[{"start":{"line":19,"column":8},"end":{"line":22,"column":null}},{"start":{"line":21,"column":19},"end":{"line":22,"column":null}}],"line":19},"1":{"loc":{"start":{"line":21,"column":19},"end":{"line":22,"column":null}},"type":"if","locations":[{"start":{"line":21,"column":19},"end":{"line":22,"column":null}},{"start":{},"end":{}}],"line":21},"2":{"loc":{"start":{"line":33,"column":8},"end":{"line":35,"column":null}},"type":"if","locations":[{"start":{"line":33,"column":8},"end":{"line":35,"column":null}},{"start":{},"end":{}}],"line":33},"3":{"loc":{"start":{"line":50,"column":12},"end":{"line":50,"column":null}},"type":"if","locations":[{"start":{"line":50,"column":12},"end":{"line":50,"column":null}},{"start":{},"end":{}}],"line":50},"4":{"loc":{"start":{"line":50,"column":46},"end":{"line":50,"column":82}},"type":"binary-expr","locations":[{"start":{"line":50,"column":46},"end":{"line":50,"column":60}},{"start":{"line":50,"column":60},"end":{"line":50,"column":82}}],"line":50},"5":{"loc":{"start":{"line":63,"column":17},"end":{"line":63,"column":null}},"type":"binary-expr","locations":[{"start":{"line":63,"column":17},"end":{"line":63,"column":26}},{"start":{"line":63,"column":26},"end":{"line":63,"column":null}}],"line":63},"6":{"loc":{"start":{"line":145,"column":69},"end":{"line":145,"column":null}},"type":"cond-expr","locations":[{"start":{"line":145,"column":108},"end":{"line":145,"column":132}},{"start":{"line":145,"column":132},"end":{"line":145,"column":null}}],"line":145},"7":{"loc":{"start":{"line":147,"column":54},"end":{"line":147,"column":null}},"type":"binary-expr","locations":[{"start":{"line":147,"column":54},"end":{"line":147,"column":91}},{"start":{"line":147,"column":95},"end":{"line":147,"column":null}}],"line":147}},"s":{"0":31,"1":31,"2":31,"3":31,"4":31,"5":31,"6":13,"7":1,"8":1,"9":12,"10":12,"11":31,"12":2,"13":31,"14":3,"15":3,"16":1,"17":1,"18":2,"19":2,"20":2,"21":2,"22":1,"23":1,"24":1,"25":31,"26":1,"27":1,"28":1,"29":434,"30":13,"31":1},"f":{"0":31,"1":13,"2":1,"3":2,"4":3,"5":1,"6":1,"7":1,"8":434,"9":13,"10":1},"b":{"0":[1,12],"1":[12,0],"2":[1,2],"3":[1,1],"4":[1,1],"5":[31,2],"6":[37,397],"7":[434,397]},"meta":{"lastBranch":8,"lastFunction":11,"lastStatement":32,"seen":{"f:5:9:5:18":0,"s:6:10:6:34":0,"s:7:30:7:66":1,"s:8:29:8:70":2,"s:9:21:15:6":3,"s:16:18:16:42":4,"s:18:10:22:Infinity":5,"f:18:10:18:28":1,"b:19:8:22:Infinity:21:19:22:Infinity":0,"s:19:8:22:Infinity":6,"s:20:12:20:Infinity":7,"f:20:51:20:59":2,"s:20:65:20:80":8,"b:21:19:22:Infinity:undefined:undefined:undefined:undefined":1,"s:21:19:22:Infinity":9,"s:22:12:22:Infinity":10,"s:26:10:27:Infinity":11,"f:26:10:26:26":3,"s:27:8:27:Infinity":12,"s:30:25:54:Infinity":13,"f:30:25:30:37":4,"s:31:8:31:Infinity":14,"b:33:8:35:Infinity:undefined:undefined:undefined:undefined":2,"s:33:8:35:Infinity":15,"s:34:12:34:Infinity":16,"s:35:12:35:Infinity":17,"s:38:8:54:Infinity":18,"s:39:29:47:14":19,"s:49:25:49:46":20,"b:50:12:50:Infinity:undefined:undefined:undefined:undefined":3,"s:50:12:50:Infinity":21,"s:50:30:50:Infinity":22,"b:50:46:50:60:50:60:50:82":4,"s:52:12:52:Infinity":23,"s:54:12:54:Infinity":24,"s:58:4:167:Infinity":25,"b:63:17:63:26:63:26:63:Infinity":5,"f:119:85:119:96":5,"s:119:102:119:141":26,"f:122:88:122:99":6,"s:122:105:122:144":27,"f:125:100:125:111":7,"s:125:117:125:156":28,"f:142:38:142:43":8,"s:143:40:150:Infinity":29,"b:145:108:145:132:145:132:145:Infinity":6,"f:146:44:146:59":9,"s:146:59:146:83":30,"b:147:54:147:91:147:95:147:Infinity":7,"f:163:48:163:63":10,"s:163:63:163:76":31}}}
,"C:\\Users\\tnaom\\OneDrive\\Desktop\\Lafosse\\final_project\\Third-Space\\client\\src\\css\\profile.css": {"path":"C:\\Users\\tnaom\\OneDrive\\Desktop\\Lafosse\\final_project\\Third-Space\\client\\src\\css\\profile.css","statementMap":{},"fnMap":{},"branchMap":{},"s":{},"f":{},"b":{},"meta":{"lastBranch":0,"lastFunction":0,"lastStatement":0,"seen":{}}}
,"C:\\Users\\tnaom\\OneDrive\\Desktop\\Lafosse\\final_project\\Third-Space\\client\\src\\css\\signup.css": {"path":"C:\\Users\\tnaom\\OneDrive\\Desktop\\Lafosse\\final_project\\Third-Space\\client\\src\\css\\signup.css","statementMap":{},"fnMap":{},"branchMap":{},"s":{},"f":{},"b":{},"meta":{"lastBranch":0,"lastFunction":0,"lastStatement":0,"seen":{}}}
}
