{"C:\\Users\\charl\\Documents\\La Fosse\\Third-Space\\client\\src\\components\\Dashboard.jsx": {"path":"C:\\Users\\charl\\Documents\\La Fosse\\Third-Space\\client\\src\\components\\Dashboard.jsx","statementMap":{"0":{"start":{"line":7,"column":22},"end":{"line":7,"column":52}},"1":{"start":{"line":9,"column":4},"end":{"line":14,"column":null}},"2":{"start":{"line":10,"column":4},"end":{"line":13,"column":null}},"3":{"start":{"line":11,"column":21},"end":{"line":11,"column":31}},"4":{"start":{"line":12,"column":22},"end":{"line":12,"column":40}},"5":{"start":{"line":13,"column":22},"end":{"line":13,"column":67}},"6":{"start":{"line":16,"column":26},"end":{"line":23,"column":null}},"7":{"start":{"line":17,"column":43},"end":{"line":17,"column":50}},"8":{"start":{"line":20,"column":45},"end":{"line":20,"column":60}},"9":{"start":{"line":25,"column":27},"end":{"line":32,"column":null}},"10":{"start":{"line":26,"column":42},"end":{"line":26,"column":49}},"11":{"start":{"line":29,"column":44},"end":{"line":29,"column":59}},"12":{"start":{"line":34,"column":23},"end":{"line":41,"column":null}},"13":{"start":{"line":35,"column":39},"end":{"line":35,"column":46}},"14":{"start":{"line":38,"column":41},"end":{"line":38,"column":61}},"15":{"start":{"line":44,"column":4},"end":{"line":44,"column":null}},"16":{"start":{"line":45,"column":4},"end":{"line":45,"column":null}},"17":{"start":{"line":47,"column":4},"end":{"line":86,"column":null}}},"fnMap":{"0":{"name":"Dashboard","decl":{"start":{"line":6,"column":9},"end":{"line":6,"column":21}},"loc":{"start":{"line":6,"column":21},"end":{"line":86,"column":null}},"line":6},"1":{"name":"(anonymous_1)","decl":{"start":{"line":9,"column":4},"end":{"line":9,"column":20}},"loc":{"start":{"line":9,"column":20},"end":{"line":14,"column":9}},"line":9},"2":{"name":"(anonymous_2)","decl":{"start":{"line":11,"column":9},"end":{"line":11,"column":14}},"loc":{"start":{"line":11,"column":21},"end":{"line":11,"column":31}},"line":11},"3":{"name":"(anonymous_3)","decl":{"start":{"line":12,"column":9},"end":{"line":12,"column":14}},"loc":{"start":{"line":12,"column":22},"end":{"line":12,"column":40}},"line":12},"4":{"name":"(anonymous_4)","decl":{"start":{"line":13,"column":9},"end":{"line":13,"column":15}},"loc":{"start":{"line":13,"column":22},"end":{"line":13,"column":67}},"line":13},"5":{"name":"(anonymous_5)","decl":{"start":{"line":17,"column":34},"end":{"line":17,"column":38}},"loc":{"start":{"line":17,"column":43},"end":{"line":17,"column":50}},"line":17},"6":{"name":"(anonymous_6)","decl":{"start":{"line":20,"column":36},"end":{"line":20,"column":40}},"loc":{"start":{"line":20,"column":45},"end":{"line":20,"column":60}},"line":20},"7":{"name":"(anonymous_7)","decl":{"start":{"line":26,"column":33},"end":{"line":26,"column":37}},"loc":{"start":{"line":26,"column":42},"end":{"line":26,"column":49}},"line":26},"8":{"name":"(anonymous_8)","decl":{"start":{"line":29,"column":35},"end":{"line":29,"column":39}},"loc":{"start":{"line":29,"column":44},"end":{"line":29,"column":59}},"line":29},"9":{"name":"(anonymous_9)","decl":{"start":{"line":35,"column":30},"end":{"line":35,"column":34}},"loc":{"start":{"line":35,"column":39},"end":{"line":35,"column":46}},"line":35},"10":{"name":"(anonymous_10)","decl":{"start":{"line":38,"column":32},"end":{"line":38,"column":36}},"loc":{"start":{"line":38,"column":41},"end":{"line":38,"column":61}},"line":38}},"branchMap":{"0":{"loc":{"start":{"line":17,"column":12},"end":{"line":17,"column":56}},"type":"binary-expr","locations":[{"start":{"line":17,"column":12},"end":{"line":17,"column":50}},{"start":{"line":17,"column":54},"end":{"line":17,"column":56}}],"line":17},"1":{"loc":{"start":{"line":20,"column":14},"end":{"line":20,"column":67}},"type":"binary-expr","locations":[{"start":{"line":20,"column":14},"end":{"line":20,"column":61}},{"start":{"line":20,"column":65},"end":{"line":20,"column":67}}],"line":20},"2":{"loc":{"start":{"line":25,"column":27},"end":{"line":32,"column":null}},"type":"binary-expr","locations":[{"start":{"line":25,"column":27},"end":{"line":25,"column":40}},{"start":{"line":25,"column":40},"end":{"line":32,"column":null}}],"line":25},"3":{"loc":{"start":{"line":34,"column":23},"end":{"line":41,"column":null}},"type":"binary-expr","locations":[{"start":{"line":34,"column":23},"end":{"line":34,"column":36}},{"start":{"line":34,"column":36},"end":{"line":41,"column":null}}],"line":34},"4":{"loc":{"start":{"line":65,"column":13},"end":{"line":65,"column":null}},"type":"binary-expr","locations":[{"start":{"line":65,"column":13},"end":{"line":65,"column":26}},{"start":{"line":65,"column":26},"end":{"line":65,"column":null}}],"line":65},"5":{"loc":{"start":{"line":80,"column":13},"end":{"line":81,"column":26}},"type":"binary-expr","locations":[{"start":{"line":80,"column":13},"end":{"line":80,"column":26}},{"start":{"line":80,"column":26},"end":{"line":81,"column":26}}],"line":80},"6":{"loc":{"start":{"line":81,"column":13},"end":{"line":81,"column":null}},"type":"binary-expr","locations":[{"start":{"line":81,"column":13},"end":{"line":81,"column":26}},{"start":{"line":81,"column":26},"end":{"line":81,"column":null}}],"line":81}},"s":{"0":18,"1":18,"2":9,"3":9,"4":9,"5":0,"6":18,"7":18,"8":18,"9":18,"10":18,"11":18,"12":18,"13":18,"14":18,"15":18,"16":18,"17":18},"f":{"0":18,"1":9,"2":9,"3":9,"4":0,"5":18,"6":18,"7":18,"8":18,"9":18,"10":18},"b":{"0":[18,9],"1":[18,9],"2":[18,9],"3":[18,9],"4":[18,9],"5":[18,9],"6":[18,9]},"meta":{"lastBranch":7,"lastFunction":11,"lastStatement":18,"seen":{"f:6:9:6:21":0,"s:7:22:7:52":0,"s:9:4:14:Infinity":1,"f:9:4:9:20":1,"s:10:4:13:Infinity":2,"f:11:9:11:14":2,"s:11:21:11:31":3,"f:12:9:12:14":3,"s:12:22:12:40":4,"f:13:9:13:15":4,"s:13:22:13:67":5,"s:16:26:23:Infinity":6,"b:17:12:17:50:17:54:17:56":0,"f:17:34:17:38":5,"s:17:43:17:50":7,"b:20:14:20:61:20:65:20:67":1,"f:20:36:20:40":6,"s:20:45:20:60":8,"s:25:27:32:Infinity":9,"b:25:27:25:40:25:40:32:Infinity":2,"f:26:33:26:37":7,"s:26:42:26:49":10,"f:29:35:29:39":8,"s:29:44:29:59":11,"s:34:23:41:Infinity":12,"b:34:23:34:36:34:36:41:Infinity":3,"f:35:30:35:34":9,"s:35:39:35:46":13,"f:38:32:38:36":10,"s:38:41:38:61":14,"s:44:4:44:Infinity":15,"s:45:4:45:Infinity":16,"s:47:4:86:Infinity":17,"b:65:13:65:26:65:26:65:Infinity":4,"b:80:13:80:26:80:26:81:26":5,"b:81:13:81:26:81:26:81:Infinity":6}}}
,"C:\\Users\\charl\\Documents\\La Fosse\\Third-Space\\client\\src\\components\\Events.jsx": {"path":"C:\\Users\\charl\\Documents\\La Fosse\\Third-Space\\client\\src\\components\\Events.jsx","statementMap":{"0":{"start":{"line":5,"column":19},"end":{"line":5,"column":44}},"1":{"start":{"line":8,"column":20},"end":{"line":9,"column":null}},"2":{"start":{"line":11,"column":21},"end":{"line":11,"column":37}},"3":{"start":{"line":12,"column":8},"end":{"line":12,"column":null}},"4":{"start":{"line":16,"column":8},"end":{"line":37,"column":null}},"5":{"start":{"line":17,"column":24},"end":{"line":28,"column":null}},"6":{"start":{"line":31,"column":28},"end":{"line":31,"column":44}},"7":{"start":{"line":32,"column":12},"end":{"line":32,"column":null}},"8":{"start":{"line":35,"column":12},"end":{"line":35,"column":null}},"9":{"start":{"line":35,"column":32},"end":{"line":35,"column":76}},"10":{"start":{"line":35,"column":55},"end":{"line":35,"column":76}},"11":{"start":{"line":37,"column":12},"end":{"line":37,"column":null}},"12":{"start":{"line":41,"column":4},"end":{"line":43,"column":null}},"13":{"start":{"line":42,"column":8},"end":{"line":42,"column":null}},"14":{"start":{"line":42,"column":37},"end":{"line":42,"column":52}},"15":{"start":{"line":45,"column":4},"end":{"line":76,"column":null}},"16":{"start":{"line":57,"column":20},"end":{"line":73,"column":null}},"17":{"start":{"line":68,"column":47},"end":{"line":68,"column":67}}},"fnMap":{"0":{"name":"Events","decl":{"start":{"line":4,"column":9},"end":{"line":4,"column":16}},"loc":{"start":{"line":4,"column":36},"end":{"line":76,"column":null}},"line":4},"1":{"name":"fetchEvents","decl":{"start":{"line":7,"column":19},"end":{"line":7,"column":33}},"loc":{"start":{"line":7,"column":33},"end":{"line":12,"column":null}},"line":7},"2":{"name":"leaveEvent","decl":{"start":{"line":15,"column":19},"end":{"line":15,"column":30}},"loc":{"start":{"line":15,"column":39},"end":{"line":37,"column":null}},"line":15},"3":{"name":"(anonymous_3)","decl":{"start":{"line":35,"column":12},"end":{"line":35,"column":23}},"loc":{"start":{"line":35,"column":32},"end":{"line":35,"column":76}},"line":35},"4":{"name":"(anonymous_4)","decl":{"start":{"line":35,"column":37},"end":{"line":35,"column":45}},"loc":{"start":{"line":35,"column":55},"end":{"line":35,"column":76}},"line":35},"5":{"name":"(anonymous_5)","decl":{"start":{"line":41,"column":4},"end":{"line":41,"column":20}},"loc":{"start":{"line":41,"column":20},"end":{"line":43,"column":8}},"line":41},"6":{"name":"(anonymous_6)","decl":{"start":{"line":42,"column":22},"end":{"line":42,"column":28}},"loc":{"start":{"line":42,"column":37},"end":{"line":42,"column":52}},"line":42},"7":{"name":"(anonymous_7)","decl":{"start":{"line":56,"column":23},"end":{"line":56,"column":28}},"loc":{"start":{"line":57,"column":20},"end":{"line":73,"column":null}},"line":57},"8":{"name":"(anonymous_8)","decl":{"start":{"line":68,"column":32},"end":{"line":68,"column":47}},"loc":{"start":{"line":68,"column":47},"end":{"line":68,"column":67}},"line":68}},"branchMap":{"0":{"loc":{"start":{"line":51,"column":13},"end":{"line":73,"column":null}},"type":"cond-expr","locations":[{"start":{"line":52,"column":16},"end":{"line":56,"column":23}},{"start":{"line":56,"column":16},"end":{"line":73,"column":null}}],"line":51}},"s":{"0":13,"1":6,"2":6,"3":6,"4":1,"5":1,"6":1,"7":1,"8":1,"9":1,"10":2,"11":0,"12":13,"13":6,"14":6,"15":13,"16":9,"17":1},"f":{"0":13,"1":6,"2":1,"3":1,"4":2,"5":6,"6":6,"7":9,"8":1},"b":{"0":[8,5]},"meta":{"lastBranch":1,"lastFunction":9,"lastStatement":18,"seen":{"f:4:9:4:16":0,"s:5:19:5:44":0,"f:7:19:7:33":1,"s:8:20:9:Infinity":1,"s:11:21:11:37":2,"s:12:8:12:Infinity":3,"f:15:19:15:30":2,"s:16:8:37:Infinity":4,"s:17:24:28:Infinity":5,"s:31:28:31:44":6,"s:32:12:32:Infinity":7,"s:35:12:35:Infinity":8,"f:35:12:35:23":3,"s:35:32:35:76":9,"f:35:37:35:45":4,"s:35:55:35:76":10,"s:37:12:37:Infinity":11,"s:41:4:43:Infinity":12,"f:41:4:41:20":5,"s:42:8:42:Infinity":13,"f:42:22:42:28":6,"s:42:37:42:52":14,"s:45:4:76:Infinity":15,"b:52:16:56:23:56:16:73:Infinity":0,"f:56:23:56:28":7,"s:57:20:73:Infinity":16,"f:68:32:68:47":8,"s:68:47:68:67":17}}}
,"C:\\Users\\charl\\Documents\\La Fosse\\Third-Space\\client\\src\\components\\home.jsx": {"path":"C:\\Users\\charl\\Documents\\La Fosse\\Third-Space\\client\\src\\components\\home.jsx","statementMap":{"0":{"start":{"line":5,"column":23},"end":{"line":5,"column":null}},"1":{"start":{"line":7,"column":20},"end":{"line":7,"column":48}},"2":{"start":{"line":9,"column":19},"end":{"line":9,"column":43}},"3":{"start":{"line":10,"column":18},"end":{"line":10,"column":41}},"4":{"start":{"line":11,"column":27},"end":{"line":11,"column":58}},"5":{"start":{"line":12,"column":24},"end":{"line":12,"column":52}},"6":{"start":{"line":14,"column":22},"end":{"line":14,"column":48}},"7":{"start":{"line":15,"column":26},"end":{"line":15,"column":56}},"8":{"start":{"line":16,"column":22},"end":{"line":16,"column":48}},"9":{"start":{"line":17,"column":29},"end":{"line":17,"column":62}},"10":{"start":{"line":18,"column":27},"end":{"line":18,"column":58}},"11":{"start":{"line":20,"column":20},"end":{"line":20,"column":45}},"12":{"start":{"line":22,"column":30},"end":{"line":22,"column":64}},"13":{"start":{"line":23,"column":34},"end":{"line":23,"column":72}},"14":{"start":{"line":24,"column":30},"end":{"line":24,"column":64}},"15":{"start":{"line":25,"column":37},"end":{"line":25,"column":78}},"16":{"start":{"line":28,"column":4},"end":{"line":41,"column":null}},"17":{"start":{"line":30,"column":30},"end":{"line":31,"column":null}},"18":{"start":{"line":33,"column":25},"end":{"line":33,"column":47}},"19":{"start":{"line":34,"column":12},"end":{"line":34,"column":null}},"20":{"start":{"line":35,"column":12},"end":{"line":35,"column":null}},"21":{"start":{"line":38,"column":8},"end":{"line":39,"column":null}},"22":{"start":{"line":39,"column":12},"end":{"line":39,"column":null}},"23":{"start":{"line":44,"column":4},"end":{"line":92,"column":null}},"24":{"start":{"line":46,"column":12},"end":{"line":51,"column":null}},"25":{"start":{"line":47,"column":16},"end":{"line":47,"column":null}},"26":{"start":{"line":49,"column":16},"end":{"line":49,"column":null}},"27":{"start":{"line":51,"column":16},"end":{"line":51,"column":null}},"28":{"start":{"line":56,"column":24},"end":{"line":57,"column":null}},"29":{"start":{"line":59,"column":25},"end":{"line":59,"column":41}},"30":{"start":{"line":61,"column":12},"end":{"line":68,"column":null}},"31":{"start":{"line":62,"column":16},"end":{"line":62,"column":null}},"32":{"start":{"line":63,"column":16},"end":{"line":63,"column":null}},"33":{"start":{"line":64,"column":16},"end":{"line":64,"column":null}},"34":{"start":{"line":65,"column":16},"end":{"line":65,"column":null}},"35":{"start":{"line":66,"column":16},"end":{"line":66,"column":null}},"36":{"start":{"line":68,"column":16},"end":{"line":68,"column":null}},"37":{"start":{"line":73,"column":24},"end":{"line":74,"column":null}},"38":{"start":{"line":76,"column":25},"end":{"line":76,"column":41}},"39":{"start":{"line":78,"column":12},"end":{"line":84,"column":null}},"40":{"start":{"line":79,"column":16},"end":{"line":79,"column":null}},"41":{"start":{"line":80,"column":16},"end":{"line":80,"column":null}},"42":{"start":{"line":81,"column":16},"end":{"line":81,"column":null}},"43":{"start":{"line":82,"column":16},"end":{"line":82,"column":null}},"44":{"start":{"line":84,"column":16},"end":{"line":84,"column":null}},"45":{"start":{"line":88,"column":8},"end":{"line":90,"column":null}},"46":{"start":{"line":89,"column":12},"end":{"line":89,"column":null}},"47":{"start":{"line":90,"column":12},"end":{"line":90,"column":null}},"48":{"start":{"line":95,"column":8},"end":{"line":95,"column":null}},"49":{"start":{"line":97,"column":29},"end":{"line":107,"column":null}},"50":{"start":{"line":110,"column":21},"end":{"line":110,"column":46}},"51":{"start":{"line":111,"column":8},"end":{"line":111,"column":null}},"52":{"start":{"line":115,"column":33},"end":{"line":117,"column":null}},"53":{"start":{"line":119,"column":8},"end":{"line":119,"column":null}},"54":{"start":{"line":120,"column":8},"end":{"line":120,"column":null}},"55":{"start":{"line":120,"column":29},"end":{"line":120,"column":38}},"56":{"start":{"line":124,"column":4},"end":{"line":128,"column":null}},"57":{"start":{"line":125,"column":8},"end":{"line":128,"column":null}},"58":{"start":{"line":133,"column":4},"end":{"line":201,"column":null}},"59":{"start":{"line":183,"column":44},"end":{"line":183,"column":null}},"60":{"start":{"line":184,"column":45},"end":{"line":184,"column":null}},"61":{"start":{"line":186,"column":28},"end":{"line":195,"column":null}},"62":{"start":{"line":190,"column":51},"end":{"line":190,"column":74}},"63":{"start":{"line":191,"column":56},"end":{"line":191,"column":75}},"64":{"start":{"line":192,"column":56},"end":{"line":192,"column":67}}},"fnMap":{"0":{"name":"Home","decl":{"start":{"line":4,"column":9},"end":{"line":4,"column":14}},"loc":{"start":{"line":4,"column":40},"end":{"line":201,"column":null}},"line":4},"1":{"name":"(anonymous_1)","decl":{"start":{"line":28,"column":4},"end":{"line":28,"column":20}},"loc":{"start":{"line":28,"column":20},"end":{"line":41,"column":8}},"line":28},"2":{"name":"getPastEvent","decl":{"start":{"line":29,"column":23},"end":{"line":29,"column":38}},"loc":{"start":{"line":29,"column":38},"end":{"line":35,"column":null}},"line":29},"3":{"name":"(anonymous_3)","decl":{"start":{"line":44,"column":4},"end":{"line":44,"column":20}},"loc":{"start":{"line":44,"column":20},"end":{"line":92,"column":8}},"line":44},"4":{"name":"loadData","decl":{"start":{"line":45,"column":23},"end":{"line":45,"column":34}},"loc":{"start":{"line":45,"column":34},"end":{"line":51,"column":null}},"line":45},"5":{"name":"newEvent","decl":{"start":{"line":55,"column":23},"end":{"line":55,"column":34}},"loc":{"start":{"line":55,"column":34},"end":{"line":68,"column":null}},"line":55},"6":{"name":"nextEvent","decl":{"start":{"line":72,"column":23},"end":{"line":72,"column":35}},"loc":{"start":{"line":72,"column":35},"end":{"line":84,"column":null}},"line":72},"7":{"name":"sendFeedback","decl":{"start":{"line":94,"column":19},"end":{"line":94,"column":32}},"loc":{"start":{"line":94,"column":43},"end":{"line":111,"column":null}},"line":94},"8":{"name":"joinEvent","decl":{"start":{"line":114,"column":19},"end":{"line":114,"column":31}},"loc":{"start":{"line":114,"column":31},"end":{"line":120,"column":null}},"line":114},"9":{"name":"(anonymous_9)","decl":{"start":{"line":120,"column":8},"end":{"line":120,"column":20}},"loc":{"start":{"line":120,"column":29},"end":{"line":120,"column":38}},"line":120},"10":{"name":"(anonymous_10)","decl":{"start":{"line":182,"column":48},"end":{"line":182,"column":53}},"loc":{"start":{"line":182,"column":66},"end":{"line":195,"column":null}},"line":182},"11":{"name":"(anonymous_11)","decl":{"start":{"line":190,"column":36},"end":{"line":190,"column":51}},"loc":{"start":{"line":190,"column":51},"end":{"line":190,"column":74}},"line":190},"12":{"name":"(anonymous_12)","decl":{"start":{"line":191,"column":36},"end":{"line":191,"column":56}},"loc":{"start":{"line":191,"column":56},"end":{"line":191,"column":75}},"line":191},"13":{"name":"(anonymous_13)","decl":{"start":{"line":192,"column":36},"end":{"line":192,"column":56}},"loc":{"start":{"line":192,"column":56},"end":{"line":192,"column":67}},"line":192}},"branchMap":{"0":{"loc":{"start":{"line":34,"column":30},"end":{"line":34,"column":49}},"type":"binary-expr","locations":[{"start":{"line":34,"column":30},"end":{"line":34,"column":44}},{"start":{"line":34,"column":44},"end":{"line":34,"column":49}}],"line":34},"1":{"loc":{"start":{"line":38,"column":8},"end":{"line":39,"column":null}},"type":"if","locations":[{"start":{"line":38,"column":8},"end":{"line":39,"column":null}},{"start":{},"end":{}}],"line":38},"2":{"loc":{"start":{"line":61,"column":12},"end":{"line":68,"column":null}},"type":"if","locations":[{"start":{"line":61,"column":12},"end":{"line":68,"column":null}},{"start":{"line":67,"column":19},"end":{"line":68,"column":null}}],"line":61},"3":{"loc":{"start":{"line":78,"column":12},"end":{"line":84,"column":null}},"type":"if","locations":[{"start":{"line":78,"column":12},"end":{"line":84,"column":null}},{"start":{"line":83,"column":19},"end":{"line":84,"column":null}}],"line":78},"4":{"loc":{"start":{"line":88,"column":8},"end":{"line":90,"column":null}},"type":"if","locations":[{"start":{"line":88,"column":8},"end":{"line":90,"column":null}},{"start":{},"end":{}}],"line":88},"5":{"loc":{"start":{"line":124,"column":4},"end":{"line":128,"column":null}},"type":"if","locations":[{"start":{"line":124,"column":4},"end":{"line":128,"column":null}},{"start":{},"end":{}}],"line":124},"6":{"loc":{"start":{"line":142,"column":17},"end":{"line":155,"column":null}},"type":"cond-expr","locations":[{"start":{"line":143,"column":20},"end":{"line":155,"column":21}},{"start":{"line":155,"column":20},"end":{"line":155,"column":null}}],"line":142},"7":{"loc":{"start":{"line":162,"column":17},"end":{"line":172,"column":null}},"type":"cond-expr","locations":[{"start":{"line":163,"column":20},"end":{"line":172,"column":21}},{"start":{"line":172,"column":20},"end":{"line":172,"column":null}}],"line":162},"8":{"loc":{"start":{"line":180,"column":17},"end":{"line":199,"column":null}},"type":"cond-expr","locations":[{"start":{"line":181,"column":20},"end":{"line":199,"column":null}},{"start":{"line":199,"column":20},"end":{"line":199,"column":null}}],"line":180},"9":{"loc":{"start":{"line":184,"column":59},"end":{"line":184,"column":null}},"type":"binary-expr","locations":[{"start":{"line":184,"column":59},"end":{"line":184,"column":68}},{"start":{"line":184,"column":68},"end":{"line":184,"column":null}}],"line":184},"10":{"loc":{"start":{"line":189,"column":55},"end":{"line":189,"column":null}},"type":"cond-expr","locations":[{"start":{"line":189,"column":66},"end":{"line":189,"column":77}},{"start":{"line":189,"column":77},"end":{"line":189,"column":null}}],"line":189}},"s":{"0":28,"1":28,"2":28,"3":28,"4":28,"5":28,"6":28,"7":28,"8":28,"9":28,"10":28,"11":28,"12":28,"13":28,"14":28,"15":28,"16":28,"17":13,"18":12,"19":12,"20":13,"21":13,"22":13,"23":28,"24":13,"25":13,"26":0,"27":12,"28":13,"29":12,"30":12,"31":9,"32":9,"33":9,"34":9,"35":9,"36":3,"37":13,"38":12,"39":12,"40":9,"41":9,"42":9,"43":9,"44":3,"45":13,"46":13,"47":13,"48":1,"49":1,"50":1,"51":1,"52":1,"53":1,"54":1,"55":0,"56":28,"57":13,"58":15,"59":60,"60":60,"61":60,"62":1,"63":1,"64":1},"f":{"0":28,"1":13,"2":13,"3":13,"4":13,"5":13,"6":13,"7":1,"8":1,"9":0,"10":60,"11":1,"12":1,"13":1},"b":{"0":[12,3],"1":[13,0],"2":[9,3],"3":[9,3],"4":[13,0],"5":[13,15],"6":[12,3],"7":[12,3],"8":[12,3],"9":[60,55],"10":[4,56]},"meta":{"lastBranch":11,"lastFunction":14,"lastStatement":65,"seen":{"f:4:9:4:14":0,"s:5:23:5:Infinity":0,"s:7:20:7:48":1,"s:9:19:9:43":2,"s:10:18:10:41":3,"s:11:27:11:58":4,"s:12:24:12:52":5,"s:14:22:14:48":6,"s:15:26:15:56":7,"s:16:22:16:48":8,"s:17:29:17:62":9,"s:18:27:18:58":10,"s:20:20:20:45":11,"s:22:30:22:64":12,"s:23:34:23:72":13,"s:24:30:24:64":14,"s:25:37:25:78":15,"s:28:4:41:Infinity":16,"f:28:4:28:20":1,"f:29:23:29:38":2,"s:30:30:31:Infinity":17,"s:33:25:33:47":18,"s:34:12:34:Infinity":19,"b:34:30:34:44:34:44:34:49":0,"s:35:12:35:Infinity":20,"b:38:8:39:Infinity:undefined:undefined:undefined:undefined":1,"s:38:8:39:Infinity":21,"s:39:12:39:Infinity":22,"s:44:4:92:Infinity":23,"f:44:4:44:20":3,"f:45:23:45:34":4,"s:46:12:51:Infinity":24,"s:47:16:47:Infinity":25,"s:49:16:49:Infinity":26,"s:51:16:51:Infinity":27,"f:55:23:55:34":5,"s:56:24:57:Infinity":28,"s:59:25:59:41":29,"b:61:12:68:Infinity:67:19:68:Infinity":2,"s:61:12:68:Infinity":30,"s:62:16:62:Infinity":31,"s:63:16:63:Infinity":32,"s:64:16:64:Infinity":33,"s:65:16:65:Infinity":34,"s:66:16:66:Infinity":35,"s:68:16:68:Infinity":36,"f:72:23:72:35":6,"s:73:24:74:Infinity":37,"s:76:25:76:41":38,"b:78:12:84:Infinity:83:19:84:Infinity":3,"s:78:12:84:Infinity":39,"s:79:16:79:Infinity":40,"s:80:16:80:Infinity":41,"s:81:16:81:Infinity":42,"s:82:16:82:Infinity":43,"s:84:16:84:Infinity":44,"b:88:8:90:Infinity:undefined:undefined:undefined:undefined":4,"s:88:8:90:Infinity":45,"s:89:12:89:Infinity":46,"s:90:12:90:Infinity":47,"f:94:19:94:32":7,"s:95:8:95:Infinity":48,"s:97:29:107:Infinity":49,"s:110:21:110:46":50,"s:111:8:111:Infinity":51,"f:114:19:114:31":8,"s:115:33:117:Infinity":52,"s:119:8:119:Infinity":53,"s:120:8:120:Infinity":54,"f:120:8:120:20":9,"s:120:29:120:38":55,"b:124:4:128:Infinity:undefined:undefined:undefined:undefined":5,"s:124:4:128:Infinity":56,"s:125:8:128:Infinity":57,"s:133:4:201:Infinity":58,"b:143:20:155:21:155:20:155:Infinity":6,"b:163:20:172:21:172:20:172:Infinity":7,"b:181:20:199:Infinity:199:20:199:Infinity":8,"f:182:48:182:53":10,"s:183:44:183:Infinity":59,"s:184:45:184:Infinity":60,"b:184:59:184:68:184:68:184:Infinity":9,"s:186:28:195:Infinity":61,"b:189:66:189:77:189:77:189:Infinity":10,"f:190:36:190:51":11,"s:190:51:190:74":62,"f:191:36:191:56":12,"s:191:56:191:75":63,"f:192:36:192:56":13,"s:192:56:192:67":64}}}
,"C:\\Users\\charl\\Documents\\La Fosse\\Third-Space\\client\\src\\components\\landingPage.jsx": {"path":"C:\\Users\\charl\\Documents\\La Fosse\\Third-Space\\client\\src\\components\\landingPage.jsx","statementMap":{"0":{"start":{"line":6,"column":10},"end":{"line":6,"column":34}},"1":{"start":{"line":8,"column":22},"end":{"line":8,"column":50}},"2":{"start":{"line":9,"column":25},"end":{"line":9,"column":56}},"3":{"start":{"line":11,"column":21},"end":{"line":11,"column":51}},"4":{"start":{"line":14,"column":4},"end":{"line":18,"column":null}},"5":{"start":{"line":15,"column":8},"end":{"line":16,"column":null}},"6":{"start":{"line":16,"column":12},"end":{"line":16,"column":null}},"7":{"start":{"line":23,"column":35},"end":{"line":34,"column":null}},"8":{"start":{"line":37,"column":21},"end":{"line":37,"column":52}},"9":{"start":{"line":40,"column":8},"end":{"line":41,"column":null}},"10":{"start":{"line":41,"column":12},"end":{"line":41,"column":null}},"11":{"start":{"line":43,"column":8},"end":{"line":44,"column":null}},"12":{"start":{"line":44,"column":12},"end":{"line":44,"column":null}},"13":{"start":{"line":47,"column":8},"end":{"line":51,"column":null}},"14":{"start":{"line":48,"column":12},"end":{"line":48,"column":null}},"15":{"start":{"line":49,"column":12},"end":{"line":49,"column":null}},"16":{"start":{"line":50,"column":12},"end":{"line":50,"column":null}},"17":{"start":{"line":51,"column":12},"end":{"line":51,"column":null}},"18":{"start":{"line":56,"column":8},"end":{"line":56,"column":null}},"19":{"start":{"line":59,"column":4},"end":{"line":89,"column":null}},"20":{"start":{"line":68,"column":41},"end":{"line":68,"column":null}},"21":{"start":{"line":75,"column":41},"end":{"line":75,"column":null}}},"fnMap":{"0":{"name":"LandingPage","decl":{"start":{"line":5,"column":9},"end":{"line":5,"column":21}},"loc":{"start":{"line":5,"column":62},"end":{"line":89,"column":null}},"line":5},"1":{"name":"(anonymous_1)","decl":{"start":{"line":14,"column":4},"end":{"line":14,"column":20}},"loc":{"start":{"line":14,"column":20},"end":{"line":18,"column":8}},"line":14},"2":{"name":"checkDetails","decl":{"start":{"line":21,"column":19},"end":{"line":21,"column":34}},"loc":{"start":{"line":21,"column":34},"end":{"line":51,"column":null}},"line":21},"3":{"name":"signUp","decl":{"start":{"line":55,"column":13},"end":{"line":55,"column":22}},"loc":{"start":{"line":55,"column":22},"end":{"line":56,"column":null}},"line":55},"4":{"name":"(anonymous_4)","decl":{"start":{"line":68,"column":24},"end":{"line":68,"column":35}},"loc":{"start":{"line":68,"column":41},"end":{"line":68,"column":null}},"line":68},"5":{"name":"(anonymous_5)","decl":{"start":{"line":75,"column":24},"end":{"line":75,"column":35}},"loc":{"start":{"line":75,"column":41},"end":{"line":75,"column":null}},"line":75}},"branchMap":{"0":{"loc":{"start":{"line":15,"column":8},"end":{"line":16,"column":null}},"type":"if","locations":[{"start":{"line":15,"column":8},"end":{"line":16,"column":null}},{"start":{},"end":{}}],"line":15},"1":{"loc":{"start":{"line":40,"column":8},"end":{"line":41,"column":null}},"type":"if","locations":[{"start":{"line":40,"column":8},"end":{"line":41,"column":null}},{"start":{},"end":{}}],"line":40},"2":{"loc":{"start":{"line":43,"column":8},"end":{"line":44,"column":null}},"type":"if","locations":[{"start":{"line":43,"column":8},"end":{"line":44,"column":null}},{"start":{},"end":{}}],"line":43},"3":{"loc":{"start":{"line":47,"column":8},"end":{"line":51,"column":null}},"type":"if","locations":[{"start":{"line":47,"column":8},"end":{"line":51,"column":null}},{"start":{},"end":{}}],"line":47}},"s":{"0":13,"1":13,"2":13,"3":13,"4":13,"5":11,"6":4,"7":5,"8":5,"9":5,"10":1,"11":5,"12":3,"13":5,"14":4,"15":4,"16":4,"17":4,"18":1,"19":13,"20":1,"21":1},"f":{"0":13,"1":11,"2":5,"3":1,"4":1,"5":1},"b":{"0":[4,7],"1":[1,4],"2":[3,2],"3":[4,1]},"meta":{"lastBranch":4,"lastFunction":6,"lastStatement":22,"seen":{"f:5:9:5:21":0,"s:6:10:6:34":0,"s:8:22:8:50":1,"s:9:25:9:56":2,"s:11:21:11:51":3,"s:14:4:18:Infinity":4,"f:14:4:14:20":1,"b:15:8:16:Infinity:undefined:undefined:undefined:undefined":0,"s:15:8:16:Infinity":5,"s:16:12:16:Infinity":6,"f:21:19:21:34":2,"s:23:35:34:Infinity":7,"s:37:21:37:52":8,"b:40:8:41:Infinity:undefined:undefined:undefined:undefined":1,"s:40:8:41:Infinity":9,"s:41:12:41:Infinity":10,"b:43:8:44:Infinity:undefined:undefined:undefined:undefined":2,"s:43:8:44:Infinity":11,"s:44:12:44:Infinity":12,"b:47:8:51:Infinity:undefined:undefined:undefined:undefined":3,"s:47:8:51:Infinity":13,"s:48:12:48:Infinity":14,"s:49:12:49:Infinity":15,"s:50:12:50:Infinity":16,"s:51:12:51:Infinity":17,"f:55:13:55:22":3,"s:56:8:56:Infinity":18,"s:59:4:89:Infinity":19,"f:68:24:68:35":4,"s:68:41:68:Infinity":20,"f:75:24:75:35":5,"s:75:41:75:Infinity":21}}}
,"C:\\Users\\charl\\Documents\\La Fosse\\Third-Space\\client\\src\\components\\navbar.jsx": {"path":"C:\\Users\\charl\\Documents\\La Fosse\\Third-Space\\client\\src\\components\\navbar.jsx","statementMap":{"0":{"start":{"line":7,"column":4},"end":{"line":16,"column":null}}},"fnMap":{"0":{"name":"NavBar","decl":{"start":{"line":5,"column":9},"end":{"line":5,"column":16}},"loc":{"start":{"line":5,"column":26},"end":{"line":16,"column":null}},"line":5}},"branchMap":{"0":{"loc":{"start":{"line":14,"column":17},"end":{"line":14,"column":null}},"type":"binary-expr","locations":[{"start":{"line":14,"column":17},"end":{"line":14,"column":25}},{"start":{"line":14,"column":25},"end":{"line":14,"column":null}}],"line":14},"1":{"loc":{"start":{"line":15,"column":17},"end":{"line":15,"column":null}},"type":"binary-expr","locations":[{"start":{"line":15,"column":17},"end":{"line":15,"column":25}},{"start":{"line":15,"column":25},"end":{"line":15,"column":null}}],"line":15}},"s":{"0":3},"f":{"0":3},"b":{"0":[3,1],"1":[3,1]},"meta":{"lastBranch":2,"lastFunction":1,"lastStatement":1,"seen":{"f:5:9:5:16":0,"s:7:4:16:Infinity":0,"b:14:17:14:25:14:25:14:Infinity":0,"b:15:17:15:25:15:25:15:Infinity":1}}}
,"C:\\Users\\charl\\Documents\\La Fosse\\Third-Space\\client\\src\\components\\profile.jsx": {"path":"C:\\Users\\charl\\Documents\\La Fosse\\Third-Space\\client\\src\\components\\profile.jsx","statementMap":{"0":{"start":{"line":4,"column":18},"end":{"line":9,"column":null}},"1":{"start":{"line":12,"column":21},"end":{"line":12,"column":48}},"2":{"start":{"line":13,"column":21},"end":{"line":13,"column":48}},"3":{"start":{"line":14,"column":19},"end":{"line":14,"column":50}},"4":{"start":{"line":15,"column":18},"end":{"line":15,"column":45}},"5":{"start":{"line":16,"column":20},"end":{"line":16,"column":48}},"6":{"start":{"line":18,"column":22},"end":{"line":18,"column":55}},"7":{"start":{"line":20,"column":4},"end":{"line":37,"column":null}},"8":{"start":{"line":21,"column":29},"end":{"line":32,"column":null}},"9":{"start":{"line":22,"column":12},"end":{"line":32,"column":null}},"10":{"start":{"line":23,"column":33},"end":{"line":23,"column":99}},"11":{"start":{"line":24,"column":29},"end":{"line":24,"column":50}},"12":{"start":{"line":26,"column":16},"end":{"line":26,"column":null}},"13":{"start":{"line":27,"column":16},"end":{"line":27,"column":null}},"14":{"start":{"line":28,"column":16},"end":{"line":28,"column":null}},"15":{"start":{"line":30,"column":16},"end":{"line":30,"column":null}},"16":{"start":{"line":32,"column":16},"end":{"line":32,"column":null}},"17":{"start":{"line":36,"column":8},"end":{"line":36,"column":null}},"18":{"start":{"line":39,"column":10},"end":{"line":43,"column":null}},"19":{"start":{"line":40,"column":8},"end":{"line":43,"column":null}},"20":{"start":{"line":41,"column":12},"end":{"line":41,"column":null}},"21":{"start":{"line":41,"column":47},"end":{"line":41,"column":62}},"22":{"start":{"line":42,"column":19},"end":{"line":43,"column":null}},"23":{"start":{"line":43,"column":12},"end":{"line":43,"column":null}},"24":{"start":{"line":47,"column":23},"end":{"line":69,"column":null}},"25":{"start":{"line":48,"column":8},"end":{"line":50,"column":null}},"26":{"start":{"line":49,"column":12},"end":{"line":49,"column":null}},"27":{"start":{"line":50,"column":12},"end":{"line":50,"column":null}},"28":{"start":{"line":53,"column":8},"end":{"line":69,"column":null}},"29":{"start":{"line":54,"column":29},"end":{"line":62,"column":14}},"30":{"start":{"line":64,"column":12},"end":{"line":64,"column":null}},"31":{"start":{"line":64,"column":30},"end":{"line":64,"column":null}},"32":{"start":{"line":66,"column":12},"end":{"line":66,"column":null}},"33":{"start":{"line":67,"column":12},"end":{"line":67,"column":null}},"34":{"start":{"line":67,"column":29},"end":{"line":67,"column":44}},"35":{"start":{"line":69,"column":12},"end":{"line":69,"column":null}},"36":{"start":{"line":73,"column":4},"end":{"line":73,"column":null}},"37":{"start":{"line":73,"column":17},"end":{"line":73,"column":null}},"38":{"start":{"line":75,"column":4},"end":{"line":156,"column":null}},"39":{"start":{"line":85,"column":37},"end":{"line":85,"column":64}},"40":{"start":{"line":107,"column":52},"end":{"line":107,"column":null}},"41":{"start":{"line":116,"column":52},"end":{"line":116,"column":null}},"42":{"start":{"line":125,"column":52},"end":{"line":125,"column":null}},"43":{"start":{"line":139,"column":36},"end":{"line":146,"column":null}},"44":{"start":{"line":142,"column":55},"end":{"line":142,"column":71}}},"fnMap":{"0":{"name":"Profile","decl":{"start":{"line":11,"column":9},"end":{"line":11,"column":19}},"loc":{"start":{"line":11,"column":19},"end":{"line":156,"column":null}},"line":11},"1":{"name":"(anonymous_1)","decl":{"start":{"line":20,"column":4},"end":{"line":20,"column":20}},"loc":{"start":{"line":20,"column":20},"end":{"line":37,"column":9}},"line":20},"2":{"name":"(anonymous_2)","decl":{"start":{"line":21,"column":29},"end":{"line":21,"column":41}},"loc":{"start":{"line":21,"column":41},"end":{"line":32,"column":null}},"line":21},"3":{"name":"(anonymous_3)","decl":{"start":{"line":39,"column":10},"end":{"line":39,"column":20}},"loc":{"start":{"line":39,"column":33},"end":{"line":43,"column":null}},"line":39},"4":{"name":"(anonymous_4)","decl":{"start":{"line":41,"column":33},"end":{"line":41,"column":41}},"loc":{"start":{"line":41,"column":47},"end":{"line":41,"column":62}},"line":41},"5":{"name":"(anonymous_5)","decl":{"start":{"line":47,"column":23},"end":{"line":47,"column":35}},"loc":{"start":{"line":47,"column":35},"end":{"line":69,"column":null}},"line":47},"6":{"name":"(anonymous_6)","decl":{"start":{"line":67,"column":12},"end":{"line":67,"column":29}},"loc":{"start":{"line":67,"column":29},"end":{"line":67,"column":44}},"line":67},"7":{"name":"(anonymous_7)","decl":{"start":{"line":85,"column":20},"end":{"line":85,"column":31}},"loc":{"start":{"line":85,"column":37},"end":{"line":85,"column":64}},"line":85},"8":{"name":"(anonymous_8)","decl":{"start":{"line":107,"column":36},"end":{"line":107,"column":52}},"loc":{"start":{"line":107,"column":52},"end":{"line":107,"column":null}},"line":107},"9":{"name":"(anonymous_9)","decl":{"start":{"line":116,"column":36},"end":{"line":116,"column":52}},"loc":{"start":{"line":116,"column":52},"end":{"line":116,"column":null}},"line":116},"10":{"name":"(anonymous_10)","decl":{"start":{"line":125,"column":36},"end":{"line":125,"column":52}},"loc":{"start":{"line":125,"column":52},"end":{"line":125,"column":null}},"line":125},"11":{"name":"(anonymous_11)","decl":{"start":{"line":138,"column":43},"end":{"line":138,"column":48}},"loc":{"start":{"line":139,"column":36},"end":{"line":146,"column":null}},"line":139},"12":{"name":"(anonymous_12)","decl":{"start":{"line":142,"column":40},"end":{"line":142,"column":55}},"loc":{"start":{"line":142,"column":55},"end":{"line":142,"column":71}},"line":142}},"branchMap":{"0":{"loc":{"start":{"line":26,"column":28},"end":{"line":26,"column":54}},"type":"binary-expr","locations":[{"start":{"line":26,"column":28},"end":{"line":26,"column":51}},{"start":{"line":26,"column":51},"end":{"line":26,"column":54}}],"line":26},"1":{"loc":{"start":{"line":27,"column":26},"end":{"line":27,"column":60}},"type":"binary-expr","locations":[{"start":{"line":27,"column":26},"end":{"line":27,"column":51}},{"start":{"line":27,"column":51},"end":{"line":27,"column":60}}],"line":27},"2":{"loc":{"start":{"line":28,"column":28},"end":{"line":28,"column":52}},"type":"binary-expr","locations":[{"start":{"line":28,"column":28},"end":{"line":28,"column":50}},{"start":{"line":28,"column":50},"end":{"line":28,"column":52}}],"line":28},"3":{"loc":{"start":{"line":40,"column":8},"end":{"line":43,"column":null}},"type":"if","locations":[{"start":{"line":40,"column":8},"end":{"line":43,"column":null}},{"start":{"line":42,"column":19},"end":{"line":43,"column":null}}],"line":40},"4":{"loc":{"start":{"line":42,"column":19},"end":{"line":43,"column":null}},"type":"if","locations":[{"start":{"line":42,"column":19},"end":{"line":43,"column":null}},{"start":{},"end":{}}],"line":42},"5":{"loc":{"start":{"line":48,"column":8},"end":{"line":50,"column":null}},"type":"if","locations":[{"start":{"line":48,"column":8},"end":{"line":50,"column":null}},{"start":{},"end":{}}],"line":48},"6":{"loc":{"start":{"line":64,"column":12},"end":{"line":64,"column":null}},"type":"if","locations":[{"start":{"line":64,"column":12},"end":{"line":64,"column":null}},{"start":{},"end":{}}],"line":64},"7":{"loc":{"start":{"line":73,"column":4},"end":{"line":73,"column":null}},"type":"if","locations":[{"start":{"line":73,"column":4},"end":{"line":73,"column":null}},{"start":{},"end":{}}],"line":73},"8":{"loc":{"start":{"line":141,"column":66},"end":{"line":141,"column":null}},"type":"cond-expr","locations":[{"start":{"line":141,"column":96},"end":{"line":141,"column":121}},{"start":{"line":141,"column":121},"end":{"line":141,"column":null}}],"line":141},"9":{"loc":{"start":{"line":143,"column":50},"end":{"line":143,"column":null}},"type":"binary-expr","locations":[{"start":{"line":143,"column":50},"end":{"line":143,"column":78}},{"start":{"line":143,"column":82},"end":{"line":143,"column":null}}],"line":143},"10":{"loc":{"start":{"line":155,"column":17},"end":{"line":155,"column":null}},"type":"cond-expr","locations":[{"start":{"line":155,"column":25},"end":{"line":155,"column":36}},{"start":{"line":155,"column":36},"end":{"line":155,"column":null}}],"line":155}},"s":{"0":1,"1":36,"2":36,"3":36,"4":36,"5":36,"6":36,"7":36,"8":13,"9":13,"10":13,"11":13,"12":13,"13":13,"14":13,"15":0,"16":13,"17":13,"18":36,"19":7,"20":4,"21":9,"22":3,"23":3,"24":36,"25":2,"26":1,"27":1,"28":1,"29":1,"30":1,"31":0,"32":1,"33":1,"34":0,"35":0,"36":36,"37":13,"38":23,"39":1,"40":1,"41":1,"42":0,"43":322,"44":7},"f":{"0":36,"1":13,"2":13,"3":7,"4":9,"5":2,"6":0,"7":1,"8":1,"9":1,"10":0,"11":322,"12":7},"b":{"0":[13,0],"1":[13,0],"2":[13,0],"3":[4,3],"4":[3,0],"5":[1,1],"6":[0,1],"7":[13,23],"8":[66,256],"9":[322,256],"10":[1,22]},"meta":{"lastBranch":11,"lastFunction":13,"lastStatement":45,"seen":{"s:4:18:9:Infinity":0,"f:11:9:11:19":0,"s:12:21:12:48":1,"s:13:21:13:48":2,"s:14:19:14:50":3,"s:15:18:15:45":4,"s:16:20:16:48":5,"s:18:22:18:55":6,"s:20:4:37:Infinity":7,"f:20:4:20:20":1,"s:21:29:32:Infinity":8,"f:21:29:21:41":2,"s:22:12:32:Infinity":9,"s:23:33:23:99":10,"s:24:29:24:50":11,"s:26:16:26:Infinity":12,"b:26:28:26:51:26:51:26:54":0,"s:27:16:27:Infinity":13,"b:27:26:27:51:27:51:27:60":1,"s:28:16:28:Infinity":14,"b:28:28:28:50:28:50:28:52":2,"s:30:16:30:Infinity":15,"s:32:16:32:Infinity":16,"s:36:8:36:Infinity":17,"s:39:10:43:Infinity":18,"f:39:10:39:20":3,"b:40:8:43:Infinity:42:19:43:Infinity":3,"s:40:8:43:Infinity":19,"s:41:12:41:Infinity":20,"f:41:33:41:41":4,"s:41:47:41:62":21,"b:42:19:43:Infinity:undefined:undefined:undefined:undefined":4,"s:42:19:43:Infinity":22,"s:43:12:43:Infinity":23,"s:47:23:69:Infinity":24,"f:47:23:47:35":5,"b:48:8:50:Infinity:undefined:undefined:undefined:undefined":5,"s:48:8:50:Infinity":25,"s:49:12:49:Infinity":26,"s:50:12:50:Infinity":27,"s:53:8:69:Infinity":28,"s:54:29:62:14":29,"b:64:12:64:Infinity:undefined:undefined:undefined:undefined":6,"s:64:12:64:Infinity":30,"s:64:30:64:Infinity":31,"s:66:12:66:Infinity":32,"s:67:12:67:Infinity":33,"f:67:12:67:29":6,"s:67:29:67:44":34,"s:69:12:69:Infinity":35,"b:73:4:73:Infinity:undefined:undefined:undefined:undefined":7,"s:73:4:73:Infinity":36,"s:73:17:73:Infinity":37,"s:75:4:156:Infinity":38,"f:85:20:85:31":7,"s:85:37:85:64":39,"f:107:36:107:52":8,"s:107:52:107:Infinity":40,"f:116:36:116:52":9,"s:116:52:116:Infinity":41,"f:125:36:125:52":10,"s:125:52:125:Infinity":42,"f:138:43:138:48":11,"s:139:36:146:Infinity":43,"b:141:96:141:121:141:121:141:Infinity":8,"f:142:40:142:55":12,"s:142:55:142:71":44,"b:143:50:143:78:143:82:143:Infinity":9,"b:155:25:155:36:155:36:155:Infinity":10}}}
,"C:\\Users\\charl\\Documents\\La Fosse\\Third-Space\\client\\src\\components\\signup.jsx": {"path":"C:\\Users\\charl\\Documents\\La Fosse\\Third-Space\\client\\src\\components\\signup.jsx","statementMap":{"0":{"start":{"line":5,"column":18},"end":{"line":10,"column":null}},"1":{"start":{"line":13,"column":10},"end":{"line":13,"column":34}},"2":{"start":{"line":14,"column":30},"end":{"line":14,"column":66}},"3":{"start":{"line":15,"column":29},"end":{"line":15,"column":70}},"4":{"start":{"line":16,"column":21},"end":{"line":22,"column":6}},"5":{"start":{"line":23,"column":18},"end":{"line":23,"column":42}},"6":{"start":{"line":25,"column":10},"end":{"line":29,"column":null}},"7":{"start":{"line":26,"column":8},"end":{"line":29,"column":null}},"8":{"start":{"line":27,"column":12},"end":{"line":27,"column":null}},"9":{"start":{"line":27,"column":65},"end":{"line":27,"column":80}},"10":{"start":{"line":28,"column":19},"end":{"line":29,"column":null}},"11":{"start":{"line":29,"column":12},"end":{"line":29,"column":null}},"12":{"start":{"line":33,"column":10},"end":{"line":34,"column":null}},"13":{"start":{"line":34,"column":8},"end":{"line":34,"column":null}},"14":{"start":{"line":37,"column":10},"end":{"line":44,"column":null}},"15":{"start":{"line":38,"column":8},"end":{"line":38,"column":null}},"16":{"start":{"line":38,"column":41},"end":{"line":38,"column":null}},"17":{"start":{"line":39,"column":8},"end":{"line":39,"column":null}},"18":{"start":{"line":39,"column":40},"end":{"line":39,"column":null}},"19":{"start":{"line":40,"column":8},"end":{"line":40,"column":null}},"20":{"start":{"line":40,"column":76},"end":{"line":40,"column":null}},"21":{"start":{"line":41,"column":8},"end":{"line":41,"column":null}},"22":{"start":{"line":41,"column":42},"end":{"line":41,"column":null}},"23":{"start":{"line":42,"column":8},"end":{"line":42,"column":null}},"24":{"start":{"line":42,"column":39},"end":{"line":42,"column":null}},"25":{"start":{"line":43,"column":8},"end":{"line":43,"column":null}},"26":{"start":{"line":43,"column":42},"end":{"line":43,"column":null}},"27":{"start":{"line":44,"column":8},"end":{"line":44,"column":null}},"28":{"start":{"line":47,"column":25},"end":{"line":73,"column":null}},"29":{"start":{"line":48,"column":8},"end":{"line":48,"column":null}},"30":{"start":{"line":50,"column":32},"end":{"line":50,"column":42}},"31":{"start":{"line":51,"column":8},"end":{"line":53,"column":null}},"32":{"start":{"line":52,"column":12},"end":{"line":52,"column":null}},"33":{"start":{"line":53,"column":12},"end":{"line":53,"column":null}},"34":{"start":{"line":56,"column":8},"end":{"line":73,"column":null}},"35":{"start":{"line":57,"column":29},"end":{"line":65,"column":14}},"36":{"start":{"line":67,"column":25},"end":{"line":67,"column":46}},"37":{"start":{"line":68,"column":12},"end":{"line":68,"column":null}},"38":{"start":{"line":68,"column":30},"end":{"line":68,"column":null}},"39":{"start":{"line":70,"column":12},"end":{"line":70,"column":null}},"40":{"start":{"line":71,"column":12},"end":{"line":71,"column":null}},"41":{"start":{"line":73,"column":12},"end":{"line":73,"column":null}},"42":{"start":{"line":77,"column":4},"end":{"line":181,"column":null}},"43":{"start":{"line":138,"column":102},"end":{"line":138,"column":141}},"44":{"start":{"line":141,"column":105},"end":{"line":141,"column":144}},"45":{"start":{"line":144,"column":117},"end":{"line":144,"column":156}},"46":{"start":{"line":157,"column":40},"end":{"line":164,"column":null}},"47":{"start":{"line":160,"column":59},"end":{"line":160,"column":83}},"48":{"start":{"line":177,"column":63},"end":{"line":177,"column":76}}},"fnMap":{"0":{"name":"SignUp","decl":{"start":{"line":12,"column":9},"end":{"line":12,"column":18}},"loc":{"start":{"line":12,"column":18},"end":{"line":181,"column":null}},"line":12},"1":{"name":"(anonymous_1)","decl":{"start":{"line":25,"column":10},"end":{"line":25,"column":28}},"loc":{"start":{"line":25,"column":41},"end":{"line":29,"column":null}},"line":25},"2":{"name":"(anonymous_2)","decl":{"start":{"line":27,"column":51},"end":{"line":27,"column":59}},"loc":{"start":{"line":27,"column":65},"end":{"line":27,"column":80}},"line":27},"3":{"name":"(anonymous_3)","decl":{"start":{"line":33,"column":10},"end":{"line":33,"column":26}},"loc":{"start":{"line":33,"column":32},"end":{"line":34,"column":null}},"line":33},"4":{"name":"(anonymous_4)","decl":{"start":{"line":37,"column":10},"end":{"line":37,"column":27}},"loc":{"start":{"line":37,"column":27},"end":{"line":44,"column":null}},"line":37},"5":{"name":"(anonymous_5)","decl":{"start":{"line":47,"column":25},"end":{"line":47,"column":37}},"loc":{"start":{"line":47,"column":37},"end":{"line":73,"column":null}},"line":47},"6":{"name":"(anonymous_6)","decl":{"start":{"line":138,"column":85},"end":{"line":138,"column":96}},"loc":{"start":{"line":138,"column":102},"end":{"line":138,"column":141}},"line":138},"7":{"name":"(anonymous_7)","decl":{"start":{"line":141,"column":88},"end":{"line":141,"column":99}},"loc":{"start":{"line":141,"column":105},"end":{"line":141,"column":144}},"line":141},"8":{"name":"(anonymous_8)","decl":{"start":{"line":144,"column":100},"end":{"line":144,"column":111}},"loc":{"start":{"line":144,"column":117},"end":{"line":144,"column":156}},"line":144},"9":{"name":"(anonymous_9)","decl":{"start":{"line":156,"column":47},"end":{"line":156,"column":52}},"loc":{"start":{"line":157,"column":40},"end":{"line":164,"column":null}},"line":157},"10":{"name":"(anonymous_10)","decl":{"start":{"line":160,"column":44},"end":{"line":160,"column":59}},"loc":{"start":{"line":160,"column":59},"end":{"line":160,"column":83}},"line":160},"11":{"name":"(anonymous_11)","decl":{"start":{"line":177,"column":48},"end":{"line":177,"column":63}},"loc":{"start":{"line":177,"column":63},"end":{"line":177,"column":76}},"line":177}},"branchMap":{"0":{"loc":{"start":{"line":26,"column":8},"end":{"line":29,"column":null}},"type":"if","locations":[{"start":{"line":26,"column":8},"end":{"line":29,"column":null}},{"start":{"line":28,"column":19},"end":{"line":29,"column":null}}],"line":26},"1":{"loc":{"start":{"line":28,"column":19},"end":{"line":29,"column":null}},"type":"if","locations":[{"start":{"line":28,"column":19},"end":{"line":29,"column":null}},{"start":{},"end":{}}],"line":28},"2":{"loc":{"start":{"line":38,"column":8},"end":{"line":38,"column":null}},"type":"if","locations":[{"start":{"line":38,"column":8},"end":{"line":38,"column":null}},{"start":{},"end":{}}],"line":38},"3":{"loc":{"start":{"line":39,"column":8},"end":{"line":39,"column":null}},"type":"if","locations":[{"start":{"line":39,"column":8},"end":{"line":39,"column":null}},{"start":{},"end":{}}],"line":39},"4":{"loc":{"start":{"line":40,"column":8},"end":{"line":40,"column":null}},"type":"if","locations":[{"start":{"line":40,"column":8},"end":{"line":40,"column":null}},{"start":{},"end":{}}],"line":40},"5":{"loc":{"start":{"line":40,"column":12},"end":{"line":40,"column":74}},"type":"binary-expr","locations":[{"start":{"line":40,"column":12},"end":{"line":40,"column":41}},{"start":{"line":40,"column":45},"end":{"line":40,"column":74}}],"line":40},"6":{"loc":{"start":{"line":41,"column":8},"end":{"line":41,"column":null}},"type":"if","locations":[{"start":{"line":41,"column":8},"end":{"line":41,"column":null}},{"start":{},"end":{}}],"line":41},"7":{"loc":{"start":{"line":42,"column":8},"end":{"line":42,"column":null}},"type":"if","locations":[{"start":{"line":42,"column":8},"end":{"line":42,"column":null}},{"start":{},"end":{}}],"line":42},"8":{"loc":{"start":{"line":43,"column":8},"end":{"line":43,"column":null}},"type":"if","locations":[{"start":{"line":43,"column":8},"end":{"line":43,"column":null}},{"start":{},"end":{}}],"line":43},"9":{"loc":{"start":{"line":51,"column":8},"end":{"line":53,"column":null}},"type":"if","locations":[{"start":{"line":51,"column":8},"end":{"line":53,"column":null}},{"start":{},"end":{}}],"line":51},"10":{"loc":{"start":{"line":68,"column":12},"end":{"line":68,"column":null}},"type":"if","locations":[{"start":{"line":68,"column":12},"end":{"line":68,"column":null}},{"start":{},"end":{}}],"line":68},"11":{"loc":{"start":{"line":68,"column":46},"end":{"line":68,"column":82}},"type":"binary-expr","locations":[{"start":{"line":68,"column":46},"end":{"line":68,"column":60}},{"start":{"line":68,"column":60},"end":{"line":68,"column":82}}],"line":68},"12":{"loc":{"start":{"line":82,"column":17},"end":{"line":82,"column":null}},"type":"binary-expr","locations":[{"start":{"line":82,"column":17},"end":{"line":82,"column":26}},{"start":{"line":82,"column":26},"end":{"line":82,"column":null}}],"line":82},"13":{"loc":{"start":{"line":159,"column":69},"end":{"line":159,"column":null}},"type":"cond-expr","locations":[{"start":{"line":159,"column":108},"end":{"line":159,"column":132}},{"start":{"line":159,"column":132},"end":{"line":159,"column":null}}],"line":159},"14":{"loc":{"start":{"line":161,"column":54},"end":{"line":161,"column":null}},"type":"binary-expr","locations":[{"start":{"line":161,"column":54},"end":{"line":161,"column":91}},{"start":{"line":161,"column":95},"end":{"line":161,"column":null}}],"line":161}},"s":{"0":1,"1":59,"2":59,"3":59,"4":59,"5":59,"6":59,"7":13,"8":1,"9":1,"10":12,"11":12,"12":59,"13":24,"14":59,"15":6,"16":1,"17":5,"18":0,"19":5,"20":1,"21":4,"22":4,"23":3,"24":3,"25":3,"26":3,"27":2,"28":59,"29":6,"30":6,"31":6,"32":4,"33":4,"34":2,"35":2,"36":2,"37":2,"38":1,"39":1,"40":1,"41":1,"42":59,"43":1,"44":1,"45":1,"46":826,"47":13,"48":1},"f":{"0":59,"1":13,"2":1,"3":24,"4":6,"5":6,"6":1,"7":1,"8":1,"9":826,"10":13,"11":1},"b":{"0":[1,12],"1":[12,0],"2":[1,5],"3":[0,5],"4":[1,4],"5":[5,4],"6":[1,3],"7":[0,3],"8":[1,2],"9":[4,2],"10":[1,1],"11":[1,0],"12":[59,5],"13":[37,789],"14":[826,789]},"meta":{"lastBranch":15,"lastFunction":12,"lastStatement":49,"seen":{"s:5:18:10:Infinity":0,"f:12:9:12:18":0,"s:13:10:13:34":1,"s:14:30:14:66":2,"s:15:29:15:70":3,"s:16:21:22:6":4,"s:23:18:23:42":5,"s:25:10:29:Infinity":6,"f:25:10:25:28":1,"b:26:8:29:Infinity:28:19:29:Infinity":0,"s:26:8:29:Infinity":7,"s:27:12:27:Infinity":8,"f:27:51:27:59":2,"s:27:65:27:80":9,"b:28:19:29:Infinity:undefined:undefined:undefined:undefined":1,"s:28:19:29:Infinity":10,"s:29:12:29:Infinity":11,"s:33:10:34:Infinity":12,"f:33:10:33:26":3,"s:34:8:34:Infinity":13,"s:37:10:44:Infinity":14,"f:37:10:37:27":4,"b:38:8:38:Infinity:undefined:undefined:undefined:undefined":2,"s:38:8:38:Infinity":15,"s:38:41:38:Infinity":16,"b:39:8:39:Infinity:undefined:undefined:undefined:undefined":3,"s:39:8:39:Infinity":17,"s:39:40:39:Infinity":18,"b:40:8:40:Infinity:undefined:undefined:undefined:undefined":4,"s:40:8:40:Infinity":19,"b:40:12:40:41:40:45:40:74":5,"s:40:76:40:Infinity":20,"b:41:8:41:Infinity:undefined:undefined:undefined:undefined":6,"s:41:8:41:Infinity":21,"s:41:42:41:Infinity":22,"b:42:8:42:Infinity:undefined:undefined:undefined:undefined":7,"s:42:8:42:Infinity":23,"s:42:39:42:Infinity":24,"b:43:8:43:Infinity:undefined:undefined:undefined:undefined":8,"s:43:8:43:Infinity":25,"s:43:42:43:Infinity":26,"s:44:8:44:Infinity":27,"s:47:25:73:Infinity":28,"f:47:25:47:37":5,"s:48:8:48:Infinity":29,"s:50:32:50:42":30,"b:51:8:53:Infinity:undefined:undefined:undefined:undefined":9,"s:51:8:53:Infinity":31,"s:52:12:52:Infinity":32,"s:53:12:53:Infinity":33,"s:56:8:73:Infinity":34,"s:57:29:65:14":35,"s:67:25:67:46":36,"b:68:12:68:Infinity:undefined:undefined:undefined:undefined":10,"s:68:12:68:Infinity":37,"s:68:30:68:Infinity":38,"b:68:46:68:60:68:60:68:82":11,"s:70:12:70:Infinity":39,"s:71:12:71:Infinity":40,"s:73:12:73:Infinity":41,"s:77:4:181:Infinity":42,"b:82:17:82:26:82:26:82:Infinity":12,"f:138:85:138:96":6,"s:138:102:138:141":43,"f:141:88:141:99":7,"s:141:105:141:144":44,"f:144:100:144:111":8,"s:144:117:144:156":45,"f:156:47:156:52":9,"s:157:40:164:Infinity":46,"b:159:108:159:132:159:132:159:Infinity":13,"f:160:44:160:59":10,"s:160:59:160:83":47,"b:161:54:161:91:161:95:161:Infinity":14,"f:177:48:177:63":11,"s:177:63:177:76":48}}}
,"C:\\Users\\charl\\Documents\\La Fosse\\Third-Space\\client\\src\\css\\Dashboard.css": {"path":"C:\\Users\\charl\\Documents\\La Fosse\\Third-Space\\client\\src\\css\\Dashboard.css","statementMap":{},"fnMap":{},"branchMap":{},"s":{},"f":{},"b":{},"meta":{"lastBranch":0,"lastFunction":0,"lastStatement":0,"seen":{}}}
,"C:\\Users\\charl\\Documents\\La Fosse\\Third-Space\\client\\src\\css\\events.css": {"path":"C:\\Users\\charl\\Documents\\La Fosse\\Third-Space\\client\\src\\css\\events.css","statementMap":{},"fnMap":{},"branchMap":{},"s":{},"f":{},"b":{},"meta":{"lastBranch":0,"lastFunction":0,"lastStatement":0,"seen":{}}}
,"C:\\Users\\charl\\Documents\\La Fosse\\Third-Space\\client\\src\\css\\home.css": {"path":"C:\\Users\\charl\\Documents\\La Fosse\\Third-Space\\client\\src\\css\\home.css","statementMap":{},"fnMap":{},"branchMap":{},"s":{},"f":{},"b":{},"meta":{"lastBranch":0,"lastFunction":0,"lastStatement":0,"seen":{}}}
,"C:\\Users\\charl\\Documents\\La Fosse\\Third-Space\\client\\src\\css\\landingPage.css": {"path":"C:\\Users\\charl\\Documents\\La Fosse\\Third-Space\\client\\src\\css\\landingPage.css","statementMap":{},"fnMap":{},"branchMap":{},"s":{},"f":{},"b":{},"meta":{"lastBranch":0,"lastFunction":0,"lastStatement":0,"seen":{}}}
,"C:\\Users\\charl\\Documents\\La Fosse\\Third-Space\\client\\src\\css\\navbar.css": {"path":"C:\\Users\\charl\\Documents\\La Fosse\\Third-Space\\client\\src\\css\\navbar.css","statementMap":{},"fnMap":{},"branchMap":{},"s":{},"f":{},"b":{},"meta":{"lastBranch":0,"lastFunction":0,"lastStatement":0,"seen":{}}}
,"C:\\Users\\charl\\Documents\\La Fosse\\Third-Space\\client\\src\\css\\profile.css": {"path":"C:\\Users\\charl\\Documents\\La Fosse\\Third-Space\\client\\src\\css\\profile.css","statementMap":{},"fnMap":{},"branchMap":{},"s":{},"f":{},"b":{},"meta":{"lastBranch":0,"lastFunction":0,"lastStatement":0,"seen":{}}}
,"C:\\Users\\charl\\Documents\\La Fosse\\Third-Space\\client\\src\\css\\signup.css": {"path":"C:\\Users\\charl\\Documents\\La Fosse\\Third-Space\\client\\src\\css\\signup.css","statementMap":{},"fnMap":{},"branchMap":{},"s":{},"f":{},"b":{},"meta":{"lastBranch":0,"lastFunction":0,"lastStatement":0,"seen":{}}}
}
